<?xml version="1.0" encoding="UTF-8"?>
<robot generator="Robot 5.0 (Python 3.10.4 on win32)" generated="20220627 18:35:19.454" rpa="false" schemaversion="3">
<suite id="s1" name="TestAPI" source="C:\CursoUdemy\RobotFramework\WebTesting\API\TestAPI.robot">
<kw name="Conectar a minha API" library="ResourceAPI" type="SETUP">
<kw name="Create Session" library="RequestsLibrary">
<arg>fakeAPI</arg>
<arg>${URL}</arg>
<doc>Create Session: create a HTTP session to a server</doc>
<msg timestamp="20220627 18:35:19.602" level="INFO">Creating Session using : alias=fakeAPI, url=https://fakerestapi.azurewebsites.net/api/v1/, headers={},                     cookies={}, auth=None, timeout=None, proxies=None, verify=False,                     debug=0 </msg>
<status status="PASS" starttime="20220627 18:35:19.601" endtime="20220627 18:35:19.603"/>
</kw>
<kw name="Create Dictionary" library="BuiltIn">
<var>${HEADERS}</var>
<arg>content-type=application/json</arg>
<doc>Creates and returns a dictionary based on the given ``items``.</doc>
<msg timestamp="20220627 18:35:19.603" level="INFO">${HEADERS} = {'content-type': 'application/json'}</msg>
<status status="PASS" starttime="20220627 18:35:19.603" endtime="20220627 18:35:19.603"/>
</kw>
<kw name="Set Suite Variable" library="BuiltIn">
<arg>${HEADERS}</arg>
<doc>Makes a variable available everywhere within the scope of the current suite.</doc>
<msg timestamp="20220627 18:35:19.604" level="INFO">${HEADERS} = {'content-type': 'application/json'}</msg>
<status status="PASS" starttime="20220627 18:35:19.604" endtime="20220627 18:35:19.604"/>
</kw>
<status status="PASS" starttime="20220627 18:35:19.601" endtime="20220627 18:35:19.604"/>
</kw>
<test id="s1-t1" name="Buscar a listagem de todos os livros(GET em todos os livros)" line="7">
<kw name="Requisitar todos os livros" library="ResourceAPI">
<kw name="Get Request" library="RequestsLibrary">
<var>${RESPOSTA}</var>
<arg>fakeAPI</arg>
<arg>Books</arg>
<doc>Send a GET request on the session object found using the
given `alias`</doc>
<msg timestamp="20220627 18:35:22.399" level="INFO">GET Request : url=https://fakerestapi.azurewebsites.net/api/v1//Books 
 path_url=/api/v1//Books 
 headers={'User-Agent': 'python-requests/2.27.1', 'Accept-Encoding': 'gzip, deflate', 'Accept': '*/*', 'Connection': 'keep-alive'} 
 body=None 
 </msg>
<msg timestamp="20220627 18:35:22.402" level="INFO">GET Response : url=https://fakerestapi.azurewebsites.net/api/v1//Books 
 status=200, reason=OK 
 body=[{"id":1,"title":"Book 1","description":"Duis at gubergren lorem magna tempor eos ea in dolor duo. Nonumy amet justo minim consetetur dolore et clita diam nibh dolore nonumy kasd at invidunt sit. Suscipit et laoreet. Dolore est nonumy et eos magna et. Amet sanctus invidunt wisi justo vero rebum et. Dolor dolore lorem clita invidunt diam nostrud sadipscing kasd stet at dignissim et nonumy kasd dolore diam facilisis takimata. Delenit ipsum dolor. Eos dolor vel at nostrud lorem clita et ipsum dolor et amet dolor clita vulputate iriure. Imperdiet dolores dolore tempor aliquyam lorem gubergren lorem sadipscing sea nonumy dolores facer erat ea ut lorem. Ipsum labore dolor lorem quod sed sit accusam dolor invidunt stet enim iriure duis. Eirmod dolor vero gubergren justo. Aliquyam aliquyam dolore dolor duo sea delenit et suscipit lorem hendrerit dolores aliquyam sea ipsum dolores ipsum. Dolor option dolor elitr sadipscing diam invidunt nostrud et rebum lorem takimata. Eirmod adipiscing gubergren sea lorem tation dolore sed lorem iusto tempor no magna laoreet ullamcorper in. Eos sea diam sit.\n","pageCount":100,"excerpt":"Commodo tempor eum ut amet at lorem amet at zzril justo rebum vero sit blandit. Nonumy lorem sadipscing kasd lorem. Sed justo sed esse lobortis dolore gubergren clita elitr ut dolore soluta at consetetur dolore lorem. Et sadipscing minim et eos accusam dolore clita amet. Vero tation clita justo. Magna diam kasd erat stet ipsum lorem gubergren et.\nTempor ut augue amet liber est ea stet sadipscing at dignissim et consetetur diam amet erat dolores. Feugiat duo et minim lorem nostrud amet kasd nisl invidunt et esse. Option ut sed. Magna dolor hendrerit clita in duo eirmod aliquyam ipsum. Vel aliquyam et est ea nonumy placerat clita dolor et et nonumy et tempor duo suscipit nonumy accusam. Vero aliquam dolor est tation sit. Magna eum no et elitr sadipscing clita tempor clita ipsum. Velit lorem iriure iusto. Sed ea diam ipsum molestie dolor vero ipsum vero dolore aliquyam ipsum. Dignissim diam quod ipsum amet voluptua duo sit accusam enim nibh dolor sanctus tincidunt magna consetetur eu. Lorem lorem sea kasd dolore nobis tempor sed tempor kasd sanctus ea. Ut sit et kasd clita elitr consequat amet takimata nisl tempor te rebum consetetur sed. Dolor sanctus no amet diam dolor elitr. Eros ut et sea nonumy gubergren enim duo gubergren aliquam est laoreet et gubergren.\nLorem est ut minim nisl at sit nulla voluptua te luptatum elit. Erat no sit te tempor lorem ex consequat ut. Lorem ut kasd diam lorem takimata eros sea consetetur magna no amet ea dolor. Est duo sadipscing eros rebum diam exerci iusto amet sea diam sit. Duis ut sadipscing dolores sed dolores invidunt. No vero eos et elitr dolor dolore dolor esse consetetur. Tempor est rebum ea amet et stet at diam amet tempor at eu euismod erat nonummy. Et ea nonumy vel kasd sadipscing laoreet takimata stet. Justo est consetetur duis ipsum exerci dolor nihil consequat lorem est diam stet ut sit takimata elitr et voluptua. Ut ipsum sed odio eos labore odio eos. Sed eos erat sadipscing voluptua. Sanctus et sed eirmod vulputate eirmod nonumy lorem. No amet in commodo takimata feugiat magna duo et rebum eros sadipscing. Eleifend dolore dolor labore elitr dolor stet ut duis erat. Ea ea et feugait at nihil erat sit laoreet magna aliquyam. Autem lorem et sed magna consetetur et soluta at tempor rebum takimata vero et no. Kasd dolor justo et sed augue erat et erat ipsum consetetur no clita iusto no. Tempor tempor facilisi eirmod consetetur justo est eos velit accusam.\nDolore diam dignissim. Sed vero diam sit feugiat et no ut. Duo aliquyam odio lorem ipsum consequat sit est labore eos eum rebum aliquyam. Et duo eirmod tempor in nibh eos voluptua ea.\nDolor duis nisl eos justo tempor delenit dolore vero no dolor lorem. Est ipsum gubergren ut enim elitr feugiat et illum accusam ut minim. Justo facilisis praesent lorem voluptua lobortis tempor eu invidunt ut et et justo accusam et no sed. Elitr feugiat dolor et nulla diam dolores erat. Diam in no aliquyam invidunt sit. Invidunt dolor takimata sit dolore sit duis ea justo ipsum eleifend autem invidunt. No et illum consetetur duo eum et. Dolor magna vel sed dolore accusam nonumy. Sea amet consetetur facilisis sea laoreet. Gubergren nonumy odio sed consetetur accusam ipsum rebum nulla labore aliquam velit consequat eirmod ipsum elitr erat magna. Nonumy ut nostrud. Dolor vulputate dolor dolore ea justo voluptua ea. Consequat kasd amet in ipsum sit wisi labore. Molestie et eos accusam labore sit ea takimata cum eos est vero accumsan at nonumy takimata ut augue ullamcorper. Elitr nonummy nisl congue gubergren magna nulla ipsum eos ut ullamcorper eirmod stet. Suscipit blandit dolores sea.\n","publishDate":"2022-06-26T21:35:20.6243169+00:00"},{"id":2,"title":"Book 2","description":"At in elit magna. Rebum et minim sed et magna voluptua accusam hendrerit lobortis. Dolor in eros erat. Et magna diam no autem justo accusam vero eum te illum rebum at lorem clita iriure molestie eros erat. Dolore ipsum no dolore justo voluptua enim accusam sed. Ipsum no ut ea ea dolore cum delenit sea clita ipsum quis consequat magna et gubergren dolore eos no. Aliquip consequat stet veniam nonumy. Dolore ea sea eirmod et in aliquip elit aliquyam aliquyam stet iusto sed lorem. Sanctus eirmod duo ut.\n","pageCount":200,"excerpt":"Sit eos facilisis et eros no vulputate rebum stet ut sed duo elitr gubergren vel tempor lorem. Diam luptatum consetetur ipsum dolor duo voluptua et et ipsum. Clita dolore ut. Lorem blandit consetetur et et ut ut sea velit sed amet hendrerit justo sit. Elitr est vulputate no duo consetetur stet lorem tempor dolore dolore. Lorem ut lorem enim sit et rebum nonumy. Ipsum dolore eum consetetur invidunt invidunt ad eirmod et erat amet diam aliquip dolor imperdiet voluptua. Ipsum rebum tempor velit amet hendrerit aliquyam et justo et vero at aliquyam vulputate magna dolor duo amet et.\nSadipscing duo dolore consectetuer et ut luptatum diam lorem illum vero magna sed blandit sit praesent et. Duis quis stet sadipscing elit justo lorem et sit ipsum iriure sea tation dolore nobis. Delenit iriure et veniam magna consetetur eirmod eu lorem ea sed exerci lorem et. Esse eos takimata eos dolor eum ea et clita. Ut justo sadipscing et magna aliquyam et ut dolor nisl lorem et takimata takimata rebum euismod et consetetur. Eirmod magna stet stet amet lorem at dolore et sea gubergren quis facilisis sed commodo esse sed consetetur duis. Elitr consetetur sit tincidunt erat diam sit et vel voluptua. Tempor accusam sed takimata labore clita.\nQui est lorem sed illum kasd labore accusam accusam takimata delenit amet eirmod ut eu. Sed ad ut elitr tation vero et amet eos at lorem ut. Delenit takimata diam et kasd dolor diam sit diam amet facilisis ipsum dolores vero amet accusam hendrerit mazim. Magna sed aliquyam dignissim id amet clita congue magna takimata elitr cum odio ipsum. Amet clita soluta magna et dolore sed no possim dolor tempor aliquyam duis. Consequat lorem dignissim dolor consetetur nibh wisi sanctus nibh. Amet vero ea aliquip ipsum sit diam takimata sed sed placerat. Aliquyam sadipscing eirmod hendrerit ut labore eos sed ea ipsum takimata dolor eirmod duo consequat aliquam consequat sit nam. Sea imperdiet stet eirmod elitr aliquip sea justo sit dignissim lorem diam consetetur magna amet in vel aliquip at. Amet esse clita duo invidunt consequat voluptua sit gubergren rebum vero diam dolore aliquyam. Kasd sed clita eirmod nulla. Eu iusto vel iriure justo sed kasd takimata dolores.\nIpsum labore no elit diam lorem diam ut labore adipiscing aliquam lorem consequat nostrud esse adipiscing et. Takimata vel eos eirmod ipsum et ipsum mazim aliquip dolor amet justo et tempor sadipscing diam ut. Tempor est no et elitr stet in duis vulputate lorem tation aliquip ipsum eos diam. Tempor est aliquip. Ex sanctus erat sed elitr labore accusam blandit. Duo erat dolores blandit feugait sanctus feugait nonumy molestie in sit et duo lorem sed dolore.\nSanctus et lorem at eos gubergren sea at lorem gubergren. Iriure id stet amet ut adipiscing sed dolor ea eirmod ea amet eirmod. Et dolore kasd at clita dolor lorem facilisis et. Clita est invidunt tempor et facilisi sit consequat labore. Et quis sed et aliquyam duis eirmod ut clita nulla sit sit et lorem magna erat clita diam labore. Nonumy erat eirmod in illum lorem ipsum sed lorem luptatum laoreet diam et sanctus stet accusam gubergren. Duis sea minim ea amet. Doming et nobis esse nonumy iusto. Veniam duo praesent sadipscing quod ea no veniam dignissim eos. Diam stet eros vero sit velit sed gubergren eros diam vel consetetur blandit rebum et. Est euismod nonumy eros nonumy tempor et eos stet. Vel no hendrerit nulla et no lorem tempor elitr ipsum duis sit eos at kasd erat at facilisis. Voluptua ea wisi iriure elitr sit nisl elitr amet euismod molestie tempor doming. Aliquyam diam tincidunt tincidunt ut consetetur takimata accumsan.\n","publishDate":"2022-06-25T21:35:20.6243804+00:00"},{"id":3,"title":"Book 3","description":"Stet labore at lorem eirmod euismod consetetur et autem. Amet odio kasd ipsum iusto consetetur nulla ea hendrerit sed amet et sed diam. Tempor dolores esse stet invidunt. Eros eos tincidunt aliquip nonumy. Vulputate ipsum magna facilisi gubergren feugiat erat ipsum at nulla sed eirmod ea autem. Erat eirmod rebum voluptua nisl rebum voluptua amet kasd ea sit duo est et elit et. Iriure et commodo erat nihil dolore nibh amet. Ipsum amet feugait labore sed rebum sea lorem sit sed amet ea.\n","pageCount":300,"excerpt":"Ipsum vel sit gubergren elit adipiscing no. Clita et eos blandit duo augue dolores et dolore sanctus dolores no veniam laoreet nibh et commodo erat. Lorem sed stet augue kasd vero at et. Justo sadipscing magna lorem dolores. Nonumy esse in. Duis nonumy sanctus. Vero sed sed et stet te nibh eos sed. Magna vel dolore accusam voluptua dolor sadipscing vero takimata lobortis gubergren ... (set the log level to DEBUG or TRACE to see the full content) 
 </msg>
<msg timestamp="20220627 18:35:22.403" level="INFO">C:\Users\ferna\AppData\Local\Programs\Python\Python310\lib\site-packages\urllib3\connectionpool.py:1043: InsecureRequestWarning: Unverified HTTPS request is being made to host 'fakerestapi.azurewebsites.net'. Adding certificate verification is strongly advised. See: https://urllib3.readthedocs.io/en/1.26.x/advanced-usage.html#ssl-warnings
  warnings.warn(</msg>
<msg timestamp="20220627 18:35:22.405" level="INFO">${RESPOSTA} = &lt;Response [200]&gt;</msg>
<status status="PASS" starttime="20220627 18:35:19.606" endtime="20220627 18:35:22.406"/>
</kw>
<kw name="Log" library="BuiltIn">
<arg>${RESPOSTA.text}</arg>
<doc>Logs the given message with the given level.</doc>
<msg timestamp="20220627 18:35:22.422" level="INFO">[{"id":1,"title":"Book 1","description":"Duis at gubergren lorem magna tempor eos ea in dolor duo. Nonumy amet justo minim consetetur dolore et clita diam nibh dolore nonumy kasd at invidunt sit. Suscipit et laoreet. Dolore est nonumy et eos magna et. Amet sanctus invidunt wisi justo vero rebum et. Dolor dolore lorem clita invidunt diam nostrud sadipscing kasd stet at dignissim et nonumy kasd dolore diam facilisis takimata. Delenit ipsum dolor. Eos dolor vel at nostrud lorem clita et ipsum dolor et amet dolor clita vulputate iriure. Imperdiet dolores dolore tempor aliquyam lorem gubergren lorem sadipscing sea nonumy dolores facer erat ea ut lorem. Ipsum labore dolor lorem quod sed sit accusam dolor invidunt stet enim iriure duis. Eirmod dolor vero gubergren justo. Aliquyam aliquyam dolore dolor duo sea delenit et suscipit lorem hendrerit dolores aliquyam sea ipsum dolores ipsum. Dolor option dolor elitr sadipscing diam invidunt nostrud et rebum lorem takimata. Eirmod adipiscing gubergren sea lorem tation dolore sed lorem iusto tempor no magna laoreet ullamcorper in. Eos sea diam sit.\n","pageCount":100,"excerpt":"Commodo tempor eum ut amet at lorem amet at zzril justo rebum vero sit blandit. Nonumy lorem sadipscing kasd lorem. Sed justo sed esse lobortis dolore gubergren clita elitr ut dolore soluta at consetetur dolore lorem. Et sadipscing minim et eos accusam dolore clita amet. Vero tation clita justo. Magna diam kasd erat stet ipsum lorem gubergren et.\nTempor ut augue amet liber est ea stet sadipscing at dignissim et consetetur diam amet erat dolores. Feugiat duo et minim lorem nostrud amet kasd nisl invidunt et esse. Option ut sed. Magna dolor hendrerit clita in duo eirmod aliquyam ipsum. Vel aliquyam et est ea nonumy placerat clita dolor et et nonumy et tempor duo suscipit nonumy accusam. Vero aliquam dolor est tation sit. Magna eum no et elitr sadipscing clita tempor clita ipsum. Velit lorem iriure iusto. Sed ea diam ipsum molestie dolor vero ipsum vero dolore aliquyam ipsum. Dignissim diam quod ipsum amet voluptua duo sit accusam enim nibh dolor sanctus tincidunt magna consetetur eu. Lorem lorem sea kasd dolore nobis tempor sed tempor kasd sanctus ea. Ut sit et kasd clita elitr consequat amet takimata nisl tempor te rebum consetetur sed. Dolor sanctus no amet diam dolor elitr. Eros ut et sea nonumy gubergren enim duo gubergren aliquam est laoreet et gubergren.\nLorem est ut minim nisl at sit nulla voluptua te luptatum elit. Erat no sit te tempor lorem ex consequat ut. Lorem ut kasd diam lorem takimata eros sea consetetur magna no amet ea dolor. Est duo sadipscing eros rebum diam exerci iusto amet sea diam sit. Duis ut sadipscing dolores sed dolores invidunt. No vero eos et elitr dolor dolore dolor esse consetetur. Tempor est rebum ea amet et stet at diam amet tempor at eu euismod erat nonummy. Et ea nonumy vel kasd sadipscing laoreet takimata stet. Justo est consetetur duis ipsum exerci dolor nihil consequat lorem est diam stet ut sit takimata elitr et voluptua. Ut ipsum sed odio eos labore odio eos. Sed eos erat sadipscing voluptua. Sanctus et sed eirmod vulputate eirmod nonumy lorem. No amet in commodo takimata feugiat magna duo et rebum eros sadipscing. Eleifend dolore dolor labore elitr dolor stet ut duis erat. Ea ea et feugait at nihil erat sit laoreet magna aliquyam. Autem lorem et sed magna consetetur et soluta at tempor rebum takimata vero et no. Kasd dolor justo et sed augue erat et erat ipsum consetetur no clita iusto no. Tempor tempor facilisi eirmod consetetur justo est eos velit accusam.\nDolore diam dignissim. Sed vero diam sit feugiat et no ut. Duo aliquyam odio lorem ipsum consequat sit est labore eos eum rebum aliquyam. Et duo eirmod tempor in nibh eos voluptua ea.\nDolor duis nisl eos justo tempor delenit dolore vero no dolor lorem. Est ipsum gubergren ut enim elitr feugiat et illum accusam ut minim. Justo facilisis praesent lorem voluptua lobortis tempor eu invidunt ut et et justo accusam et no sed. Elitr feugiat dolor et nulla diam dolores erat. Diam in no aliquyam invidunt sit. Invidunt dolor takimata sit dolore sit duis ea justo ipsum eleifend autem invidunt. No et illum consetetur duo eum et. Dolor magna vel sed dolore accusam nonumy. Sea amet consetetur facilisis sea laoreet. Gubergren nonumy odio sed consetetur accusam ipsum rebum nulla labore aliquam velit consequat eirmod ipsum elitr erat magna. Nonumy ut nostrud. Dolor vulputate dolor dolore ea justo voluptua ea. Consequat kasd amet in ipsum sit wisi labore. Molestie et eos accusam labore sit ea takimata cum eos est vero accumsan at nonumy takimata ut augue ullamcorper. Elitr nonummy nisl congue gubergren magna nulla ipsum eos ut ullamcorper eirmod stet. Suscipit blandit dolores sea.\n","publishDate":"2022-06-26T21:35:20.6243169+00:00"},{"id":2,"title":"Book 2","description":"At in elit magna. Rebum et minim sed et magna voluptua accusam hendrerit lobortis. Dolor in eros erat. Et magna diam no autem justo accusam vero eum te illum rebum at lorem clita iriure molestie eros erat. Dolore ipsum no dolore justo voluptua enim accusam sed. Ipsum no ut ea ea dolore cum delenit sea clita ipsum quis consequat magna et gubergren dolore eos no. Aliquip consequat stet veniam nonumy. Dolore ea sea eirmod et in aliquip elit aliquyam aliquyam stet iusto sed lorem. Sanctus eirmod duo ut.\n","pageCount":200,"excerpt":"Sit eos facilisis et eros no vulputate rebum stet ut sed duo elitr gubergren vel tempor lorem. Diam luptatum consetetur ipsum dolor duo voluptua et et ipsum. Clita dolore ut. Lorem blandit consetetur et et ut ut sea velit sed amet hendrerit justo sit. Elitr est vulputate no duo consetetur stet lorem tempor dolore dolore. Lorem ut lorem enim sit et rebum nonumy. Ipsum dolore eum consetetur invidunt invidunt ad eirmod et erat amet diam aliquip dolor imperdiet voluptua. Ipsum rebum tempor velit amet hendrerit aliquyam et justo et vero at aliquyam vulputate magna dolor duo amet et.\nSadipscing duo dolore consectetuer et ut luptatum diam lorem illum vero magna sed blandit sit praesent et. Duis quis stet sadipscing elit justo lorem et sit ipsum iriure sea tation dolore nobis. Delenit iriure et veniam magna consetetur eirmod eu lorem ea sed exerci lorem et. Esse eos takimata eos dolor eum ea et clita. Ut justo sadipscing et magna aliquyam et ut dolor nisl lorem et takimata takimata rebum euismod et consetetur. Eirmod magna stet stet amet lorem at dolore et sea gubergren quis facilisis sed commodo esse sed consetetur duis. Elitr consetetur sit tincidunt erat diam sit et vel voluptua. Tempor accusam sed takimata labore clita.\nQui est lorem sed illum kasd labore accusam accusam takimata delenit amet eirmod ut eu. Sed ad ut elitr tation vero et amet eos at lorem ut. Delenit takimata diam et kasd dolor diam sit diam amet facilisis ipsum dolores vero amet accusam hendrerit mazim. Magna sed aliquyam dignissim id amet clita congue magna takimata elitr cum odio ipsum. Amet clita soluta magna et dolore sed no possim dolor tempor aliquyam duis. Consequat lorem dignissim dolor consetetur nibh wisi sanctus nibh. Amet vero ea aliquip ipsum sit diam takimata sed sed placerat. Aliquyam sadipscing eirmod hendrerit ut labore eos sed ea ipsum takimata dolor eirmod duo consequat aliquam consequat sit nam. Sea imperdiet stet eirmod elitr aliquip sea justo sit dignissim lorem diam consetetur magna amet in vel aliquip at. Amet esse clita duo invidunt consequat voluptua sit gubergren rebum vero diam dolore aliquyam. Kasd sed clita eirmod nulla. Eu iusto vel iriure justo sed kasd takimata dolores.\nIpsum labore no elit diam lorem diam ut labore adipiscing aliquam lorem consequat nostrud esse adipiscing et. Takimata vel eos eirmod ipsum et ipsum mazim aliquip dolor amet justo et tempor sadipscing diam ut. Tempor est no et elitr stet in duis vulputate lorem tation aliquip ipsum eos diam. Tempor est aliquip. Ex sanctus erat sed elitr labore accusam blandit. Duo erat dolores blandit feugait sanctus feugait nonumy molestie in sit et duo lorem sed dolore.\nSanctus et lorem at eos gubergren sea at lorem gubergren. Iriure id stet amet ut adipiscing sed dolor ea eirmod ea amet eirmod. Et dolore kasd at clita dolor lorem facilisis et. Clita est invidunt tempor et facilisi sit consequat labore. Et quis sed et aliquyam duis eirmod ut clita nulla sit sit et lorem magna erat clita diam labore. Nonumy erat eirmod in illum lorem ipsum sed lorem luptatum laoreet diam et sanctus stet accusam gubergren. Duis sea minim ea amet. Doming et nobis esse nonumy iusto. Veniam duo praesent sadipscing quod ea no veniam dignissim eos. Diam stet eros vero sit velit sed gubergren eros diam vel consetetur blandit rebum et. Est euismod nonumy eros nonumy tempor et eos stet. Vel no hendrerit nulla et no lorem tempor elitr ipsum duis sit eos at kasd erat at facilisis. Voluptua ea wisi iriure elitr sit nisl elitr amet euismod molestie tempor doming. Aliquyam diam tincidunt tincidunt ut consetetur takimata accumsan.\n","publishDate":"2022-06-25T21:35:20.6243804+00:00"},{"id":3,"title":"Book 3","description":"Stet labore at lorem eirmod euismod consetetur et autem. Amet odio kasd ipsum iusto consetetur nulla ea hendrerit sed amet et sed diam. Tempor dolores esse stet invidunt. Eros eos tincidunt aliquip nonumy. Vulputate ipsum magna facilisi gubergren feugiat erat ipsum at nulla sed eirmod ea autem. Erat eirmod rebum voluptua nisl rebum voluptua amet kasd ea sit duo est et elit et. Iriure et commodo erat nihil dolore nibh amet. Ipsum amet feugait labore sed rebum sea lorem sit sed amet ea.\n","pageCount":300,"excerpt":"Ipsum vel sit gubergren elit adipiscing no. Clita et eos blandit duo augue dolores et dolore sanctus dolores no veniam laoreet nibh et commodo erat. Lorem sed stet augue kasd vero at et. Justo sadipscing magna lorem dolores. Nonumy esse in. Duis nonumy sanctus. Vero sed sed et stet te nibh eos sed. Magna vel dolore accusam voluptua dolor sadipscing vero takimata lobortis gubergren sea lorem invidunt nonumy diam. Labore justo diam hendrerit nulla vulputate dignissim diam tincidunt lorem esse diam lorem. Erat ipsum suscipit ut lobortis dolores ut augue dolor ea eirmod. Ipsum sed nonumy eirmod quod dolore nulla eos facilisis molestie et et nonumy sit exerci sit diam duis ipsum. Vero eos eirmod justo nulla elitr voluptua dolores sea magna vero cum dolores. Consequat dolor ut delenit eirmod aliquyam no erat. Stet wisi tempor tempor. Qui sit dolore elitr consequat labore dolor ipsum. Sit luptatum diam invidunt sed aliquyam sadipscing sit eirmod dolor ut consetetur kasd sanctus diam molestie et ut. Invidunt invidunt ut quis dolore nonumy duis accusam ut sea clita rebum dolore. Aliquip ut consetetur voluptua no dolor lorem dolor.\nInvidunt suscipit lorem consetetur justo eos feugait dolore invidunt lorem et duo ea nobis rebum et duo diam clita. Eirmod cum et consequat erat sed accusam dignissim dolore eos no dolor aliquip justo et dolor dolor. Dolores feugait ut magna consequat et blandit dolores et sit amet in mazim qui.\nDolor consequat et te consequat justo ea duo dolor kasd sit et sit. Sanctus dolores dolor dolor et autem adipiscing eirmod eirmod elit invidunt laoreet at tincidunt duo. Et augue voluptua no lorem rebum congue et ut. Ea feugiat dolore te dolor rebum accusam vero quod et voluptua nulla. Id et amet et dolore invidunt lorem lorem eirmod nulla tempor et magna kasd erat.\nStet dolor stet stet kasd labore diam sanctus justo et ut clita iriure est dolore erat iriure justo sea. Elitr dolor gubergren sed clita gubergren autem placerat sanctus ad. Erat diam et vero autem kasd dolor lorem rebum. Eos iusto no iusto erat sed ipsum kasd stet duo. Sanctus sed clita et duis nisl et. Accusam labore aliquyam rebum aliquyam in odio magna dolores dolores aliquyam eos. Sed volutpat clita accumsan velit no sit amet ipsum illum takimata. Sed labore eirmod dolore et sit amet voluptua lorem velit accusam amet possim. Amet rebum laoreet lorem ut vero. Ut kasd stet diam sit dolor ut et consequat clita no lorem sit tincidunt amet feugait. Et eirmod dolor eu sea sanctus dolore ut no aliquyam. Dolor augue est justo sit erat amet option stet consectetuer wisi est eu.\nTempor elitr lorem. Sea nulla stet. In rebum eum et eos amet eos kasd. Eos velit nonumy erat luptatum dolores elitr diam aliquyam labore. Dolor eum eos dolor facilisis vulputate rebum et eos vero lorem eos sit lorem sea quod erat ea diam. Tation diam gubergren est et stet sanctus tincidunt sed nulla adipiscing et. Ea diam ut sit diam eu eos dolores sit sit illum in nulla eleifend ad quis justo et. Facilisis eirmod augue ipsum eos eu feugiat eirmod accusam exerci rebum. Tempor no accusam sed enim sed accusam sea justo tempor ea. Justo nonumy voluptua amet ut dolores ut tempor sit zzril et et at dolor accumsan. Vero augue invidunt. Et minim consequat et facilisi elitr luptatum. In dolores no gubergren dolor et sanctus dolore nonumy ea sit aliquyam gubergren. Dolor iriure consetetur vero rebum in stet in diam clita tempor stet nostrud no. Feugiat sanctus et vel sea at stet praesent dolore at et eirmod duo consetetur. Velit kasd assum velit diam justo tempor et eos tation sed. Invidunt nonumy eos ex diam. Rebum dolores nibh. Aliquyam invidunt amet erat.\n","publishDate":"2022-06-24T21:35:20.6244484+00:00"},{"id":4,"title":"Book 4","description":"Hendrerit lorem vero aliquip diam diam diam eirmod vel erat sea. Vel erat ipsum justo amet ipsum takimata dolore. Ipsum dolor vulputate nonumy sed voluptua consetetur stet rebum lobortis sed at. Nihil labore et sit in kasd at in accusam et. Et et gubergren consetetur tation in vero ullamcorper sadipscing dolor eos et. Autem labore at dolor rebum kasd invidunt aliquyam. Rebum duo eros ut tempor erat vel accusam quod blandit rebum. Possim amet sed sea labore. Dolore invidunt lobortis lorem iusto stet. Consetetur dolore nulla takimata lorem labore. Dolores amet esse kasd amet eos. Et et sea gubergren sanctus eirmod elitr labore duo dolores dolor dolor et nihil dolor vel. Tempor iriure dolores. Diam eum delenit amet. Justo ea dolor sed invidunt et.\n","pageCount":400,"excerpt":"Justo diam dolor molestie sanctus et hendrerit lorem veniam stet sit invidunt sadipscing kasd luptatum labore et. Sit magna erat et labore rebum sanctus invidunt dolor. Amet in lorem et magna at et feugait accusam. Magna sea dolor magna vulputate feugiat ut stet aliquyam dolore at facilisi. Quis sed dolor no iriure sed vulputate sit amet eros iriure voluptua accusam consequat feugait sed et. Rebum et amet eos tempor gubergren consetetur voluptua sadipscing nihil duo no nostrud sea. Lorem consetetur erat ut dolor ex mazim iriure vel magna. At eirmod dolore sadipscing gubergren consetetur aliquam ipsum euismod ut duis justo lorem. Et ut labore. Dolor iusto amet. Tempor et stet voluptua sanctus. Et et sit amet clita eirmod eros. Sit molestie aliquyam minim mazim minim clita commodo accusam justo diam ut tation. Voluptua eirmod lorem justo duo. Duo aliquyam sit ut aliquyam kasd consequat sea lobortis aliquyam duo ut. Ad adipiscing at takimata et eos sanctus magna justo lorem qui clita hendrerit est aliquyam aliquam ipsum ea. Magna exerci iriure eirmod kasd at velit eos suscipit erat justo dolore euismod tempor ut sed rebum.\nFacilisis eos erat facilisis clita sadipscing dolore diam et accusam velit erat lorem aliquyam diam sanctus labore. Gubergren accusam et aliquyam ut clita qui erat elitr lobortis ut facilisis nobis consetetur velit justo. Sed invidunt justo elitr velit erat elitr elitr dolor invidunt sanctus diam justo sanctus consetetur lorem. Est dolores eum accusam duo euismod at voluptua. Tempor labore aliquam lorem. Exerci magna amet sed qui dolores vero eros. Et voluptua consetetur magna. Magna in et kasd. Consequat at rebum at elitr. Et sed accusam et dolores eros vel eirmod ipsum. Erat dolores sanctus eos elitr nonumy rebum labore sea sed vulputate ea sea sadipscing at sit erat. Et dolor dolores no tempor sea et no at ut delenit nonummy rebum diam.\nSanctus et amet et accusam invidunt dolor sit. Et rebum lorem clita diam iriure ea facer dolor tempor justo. Lorem dolor ex sit amet eum in dolores et accusam ipsum ut nam minim.\nVel zzril consequat voluptua sit kasd ut dolor rebum aliquyam volutpat eum ea gubergren dolore eu. Dolore est sit dolore dolore. Accusam tempor lorem feugiat no tempor amet gubergren veniam. Nonumy et congue eirmod dolor. Stet euismod velit ipsum sed ex voluptua justo dolore dolor magna nonumy dolore et gubergren. Dolores nulla dolores consetetur diam magna vel odio elitr et no quis sanctus elitr elitr. Magna stet duo te rebum. Kasd autem consetetur nibh voluptua diam justo diam sit ipsum ut sed odio tempor. Diam takimata et autem hendrerit sanctus vulputate in ut et magna at. Ex dolor sit. Sit gubergren takimata blandit eum accusam. Kasd diam vero minim ad diam autem takimata lorem dolor accumsan ad magna ut volutpat sed in labore. Ut iriure vulputate in dolor lorem aliquyam. Est vulputate amet lorem ipsum esse et dolores. At est lobortis et et feugiat et lorem labore vel diam delenit amet est feugait lorem. Lorem molestie magna amet feugiat dolor volutpat. Diam est et lorem invidunt amet clita labore et elitr no amet.\nEirmod ex takimata nisl voluptua et eos clita elitr tempor. Rebum nonumy sadipscing eos ipsum at sit elitr vero sit consectetuer sea magna elitr diam stet. Augue illum amet sea erat takimata. Vulputate labore enim erat lorem dolor justo dolor elitr dolor. Gubergren sed velit ut eirmod sea est et nostrud dolor invidunt dolor. Sanctus lorem ut lorem consequat accusam possim dolor lorem amet sanctus.\n","publishDate":"2022-06-23T21:35:20.6245181+00:00"},{"id":5,"title":"Book 5","description":"Ea in et elitr elitr adipiscing sed feugiat adipiscing eos. Ipsum sadipscing duis et invidunt in stet gubergren dolor iriure est sanctus sea te dolore facilisi. Dolor sit voluptua sadipscing magna feugiat amet sit ut accusam dolores ut. Amet clita labore eos lorem.\n","pageCount":500,"excerpt":"Blandit at et congue at nihil kasd elitr adipiscing duis est sadipscing sadipscing. Dolores sanctus vel et takimata sed stet kasd diam magna est elitr diam sit eirmod adipiscing delenit vel. Erat consetetur veniam. Clita elitr elitr sit et eos rebum elitr et eirmod aliquam tempor aliquam voluptua facilisis ipsum sadipscing. Nonummy ex duis at eirmod sed ut illum et diam ea. Accumsan nulla et dolor et. In clita mazim voluptua. In diam dolor amet. At consetetur dolor diam amet duo odio. In volutpat vero magna sit enim.\nEos invidunt vel dolore in sit sanctus. Ut sit sit lorem duo ea consetetur. Consequat erat kasd nonummy. Erat dolore sanctus stet illum dolor et dolor facilisis amet dolore tempor ex esse consequat. Sadipscing dolor possim eu dolore tempor dolor vulputate invidunt diam assum at et aliquyam est dolor et duo. Amet erat veniam rebum diam at wisi laoreet sed. Amet justo praesent sit. Gubergren eirmod diam no. Illum nonummy accusam dolore magna ea vero amet ipsum sea voluptua ut justo quis molestie. Diam imperdiet takimata. Stet clita gubergren enim in eleifend delenit ipsum in vero at praesent consetetur nulla invidunt vero. Dolor adipiscing zzril amet no et ex. Stet in tempor lorem tempor amet diam dolor et in no dolore magna accumsan te facilisis. Aliquyam dolor qui dolor sit invidunt dolore rebum dolor dolore. Gubergren sed te feugiat sadipscing eum takimata lorem dolor ea eros ea diam sea ea rebum sed vel sed. Illum nonumy consequat clita stet ipsum amet nam sanctus no. Velit est eleifend accusam feugait. Ea amet at rebum accusam.\nVeniam nibh amet option tempor te nulla lorem. Et clita magna volutpat option sed dolore et et in at sadipscing lorem. Ea facilisis invidunt vero accusam velit et esse sed et amet dolor est et stet ipsum lorem invidunt invidunt. Magna rebum sadipscing nonumy tempor vero sea ullamcorper erat ut. Quod ea stet diam minim quis duo. Et lorem sed justo lorem aliquyam ullamcorper ut ea invidunt dolore ea lorem accusam dolore qui duo dolores. No ea est eos justo hendrerit rebum dolore erat. Magna clita et gubergren feugiat amet takimata sit magna stet. Sanctus et vero nonumy kasd ut hendrerit facilisi. Takimata diam nisl diam. Stet tempor accusam autem. Rebum eos et facilisis eirmod iriure dolor dolore dolore aliquam duo invidunt augue ea sanctus accusam gubergren dolor. Tempor et amet tincidunt labore eos sea dolor et rebum facer stet et sanctus eirmod aliquyam minim ut. Sit no eros accusam. Sit diam diam dolore diam invidunt hendrerit est kasd lorem ea amet dolore doming.\nDolor luptatum ipsum tempor vel elitr eos placerat justo. Sit justo feugiat et lorem ut quod eos tempor. Eleifend sea eos no vulputate amet no feugiat et sit sed clita no. Accusam justo vero feugiat dignissim blandit nulla aliquyam duis delenit eu et. Eirmod diam consetetur vero. Et voluptua at accusam amet clita amet sit ipsum stet lorem odio veniam voluptua ipsum dolore clita. Sed amet feugiat praesent dolor invidunt.\nMinim augue dolor aliquyam dignissim et duo ipsum diam feugait clita. Tincidunt diam consequat sit erat sit voluptua iusto est justo veniam aliquyam kasd volutpat sadipscing commodo. Diam eirmod et dolore. Dolore nonumy eum tempor ea sed ea kasd ullamcorper nulla duo magna luptatum labore feugait ad. Dolor eum consetetur consetetur dolore vel dolore sit clita kasd clita tincidunt nobis ex justo sadipscing. Amet tempor nonumy justo amet ut sanctus ut amet volutpat aliquyam et et lorem dolore at liber ipsum. Dolor ad vero eos diam zzril nisl dignissim gubergren stet sed sit est.\n","publishDate":"2022-06-22T21:35:20.6245812+00:00"},{"id":6,"title":"Book 6","description":"Euismod gubergren gubergren velit molestie magna lorem. Tempor sit eos assum sit. Te tempor et dolor et consectetuer amet in et eirmod dolores vero autem qui diam delenit ut sadipscing. Amet dolores minim justo eos stet nonumy et nonummy. Ipsum tempor sed sed ea tempor lorem ut at sit labore stet. Clita duo duo consequat magna duo accumsan aliquyam clita gubergren accusam nonumy labore nonummy voluptua aliquyam. Dolore et labore dolore te ipsum labore dolor quis ipsum magna ut ea sea rebum vero. Vero iusto erat rebum sea invidunt clita consetetur sit dolor enim dolore nonummy laoreet invidunt imperdiet. Labore nonumy rebum et minim aliquip suscipit at sit velit justo dolor eos feugiat kasd. Dolor et et consetetur et clita eos clita delenit elit euismod ullamcorper at aliquyam. Et vero sed eum consequat laoreet exerci et stet dolores gubergren dolore augue tempor dolores amet sit. Sed et nulla takimata wisi. Sit vulputate dolore labore erat sed iusto ut et at.\n","pageCount":600,"excerpt":"Ex est voluptua ad. Dolores amet eos ea sit vero et id iusto stet vulputate voluptua ea zzril diam et duo amet eirmod. Duis ex est. Amet eirmod in justo dolores stet. Tempor vulputate duis hendrerit magna sea labore diam et stet vulputate eros molestie diam.\nIpsum voluptua eos diam at invidunt invidunt kasd at. Lorem consequat voluptua sit ipsum justo dolore voluptua et ut dolor et kasd sit duo. Dignissim et tincidunt vel. Labore erat consetetur consetetur sit justo consetetur kasd diam no voluptua sea ipsum. Nonumy voluptua lobortis dignissim erat amet augue sit adipiscing odio duis invidunt dolor sed ut at. Amet accusam odio. Dolor nonumy tempor clita consectetuer aliquyam ut nisl facilisis consetetur velit no takimata rebum invidunt. Invidunt diam sed in sea facilisi labore tempor invidunt et accusam in et aliquyam ut erat. Eirmod ipsum diam labore ipsum lorem esse labore volutpat dolores no sit.\nJusto et tempor et diam eos est ipsum. Lorem elit elitr eros consetetur vel dolores est. Ipsum exerci dolor. Sadipscing dolore no hendrerit clita consectetuer justo et consetetur ut ea nonumy gubergren sit. Sit dolores lorem sed eirmod dolores ullamcorper lorem. Dignissim et dolore zzril duo sit clita amet invidunt accusam et sit. Lorem sea diam dolore sed at consetetur et kasd diam rebum sit ipsum. Ut sit kasd gubergren et justo kasd sanctus. Ipsum autem accusam. At in duo at ipsum nonumy velit stet dolores dignissim iriure sadipscing stet aliquyam dolores velit option. Sit dolores et enim ullamcorper takimata diam gubergren ea sit nonumy. Magna tempor nulla duo invidunt dolore amet clita ad sea nibh sit rebum tincidunt. Eos justo vero lorem. Sea amet eu facilisi molestie dolore. Erat gubergren ipsum velit nonummy consequat sit sed nonumy.\nDolor et lorem gubergren tempor amet ea stet eos gubergren dolor eirmod consequat sit sed. Takimata sanctus lorem ut no. Consetetur facilisis illum odio. Justo facilisis lorem iriure labore dolore erat stet qui clita ipsum voluptua justo nulla elitr eos in. Lorem erat feugiat vulputate tation et et dolore ipsum et praesent sed. Aliquip dolore tation magna sit tempor elit takimata et suscipit tempor no esse wisi. Ipsum ipsum duis duis et at vel stet ipsum consectetuer iusto amet consetetur sanctus ex nisl diam. Lorem ut takimata magna sed ad at eirmod clita sit eos feugiat ut ut lorem elitr aliquip eos. Lorem clita tempor eos nulla et.\nSit sea at sit sadipscing vel tempor amet imperdiet. Diam feugiat nonumy at in et sed gubergren vulputate nonumy at gubergren augue. Et dolores voluptua sed nonumy at tempor takimata sit ipsum sea nonummy nulla rebum consetetur diam consetetur lorem illum. Nobis delenit eirmod elitr. Elitr dolores stet takimata kasd amet amet veniam diam no elitr kasd qui dolore ipsum dolore dolor. Diam accusam elit diam. At nostrud duo sadipscing takimata elit diam lorem aliquip et eros rebum.\n","publishDate":"2022-06-21T21:35:20.6246395+00:00"},{"id":7,"title":"Book 7","description":"Rebum kasd eirmod blandit sea voluptua sit duo. At imperdiet dolores nulla stet clita gubergren et lorem sed feugait eirmod nonumy ipsum accusam aliquam. Nulla duis nonumy stet gubergren consetetur consetetur et eu. Dolor stet duo ut ea ea ea vero no sea dolor diam diam amet dolore doming. Esse quis nonumy molestie dolor. Stet ut ipsum vulputate voluptua. Dolore erat sadipscing amet et nulla sea velit erat labore sit sit ex sed sanctus vero justo suscipit amet. Voluptua elitr ipsum autem lorem et. Id illum sit dolor et diam at amet aliquip. Sadipscing ea nonumy magna lorem autem eu esse. Dolores amet luptatum est et dolores iriure magna et rebum et voluptua sanctus eos blandit eirmod at diam. Commodo labore sit dolor sit est sit dolores elitr eros nostrud vero ea ea. Tempor commodo sadipscing ea sadipscing volutpat stet sit. Magna dolores et dolor et sed facilisi consequat feugiat invidunt feugiat erat amet voluptua eirmod et erat. Amet et invidunt labore sed. Aliquyam illum ut sadipscing illum dolore duo. Eirmod vel no et assum amet at erat nibh dolor ex eleifend esse clita ea. Consetetur diam rebum sed.\n","pageCount":700,"excerpt":"At gubergren et lorem. Sed labore feugait suscipit sed invidunt. Molestie id facilisi est est. Dolor exerci sadipscing clita labore et dolores sanctus facilisis erat erat et. Vero eirmod lorem eos no et sea clita erat lorem. Ut dolores ut luptatum et ipsum dolor takimata dolore ea lorem vero nulla diam consetetur lorem est. Accusam lorem sadipscing commodo sit id. Sea sed et eos ut exerci elitr takimata eros tempor veniam. Voluptua ut takimata consetetur accusam nonumy adipiscing et. Tempor diam et aliquyam. Elitr nonumy kasd accusam et lorem ipsum nonumy tempor justo ex. Sed est sit et vel erat velit dolores ut. Nonumy consectetuer nonumy labore eros sit veniam lorem takimata invidunt est wisi voluptua justo.\nDiam sit nostrud. Amet nobis nihil rebum justo consetetur et at tempor duo rebum rebum duo quis feugait. Sed ut ullamcorper dolore est eos accumsan consectetuer invidunt diam delenit eos facer labore tempor ea gubergren kasd. Dolor amet sea sed et amet. Justo feugiat ut tempor stet voluptua nibh rebum aliquyam tempor at vulputate ut dolore enim molestie eirmod takimata. Ipsum mazim kasd sit sadipscing amet et aliquyam hendrerit. Nulla consequat duo duis no erat. Gubergren takimata elitr ipsum. Diam luptatum esse voluptua aliquyam eos feugait iriure in quis labore rebum sit accusam.\nLabore clita velit aliquip justo sed dolor dolore ut clita eirmod diam ipsum. Molestie sanctus justo. Et takimata eirmod nonumy nostrud. Dolore blandit te eum autem dolor sadipscing no diam dolor vero feugait exerci nonumy minim. Aliquip sed amet diam autem labore invidunt invidunt labore eirmod tempor erat sed sea sed nonumy feugiat. Et magna et ipsum in diam ut voluptua labore nulla zzril nonumy vero. Vulputate ipsum et vel stet eirmod. Illum dolor magna et nonumy ad aliquip sit sed voluptua.\nKasd amet dolor. Tempor erat est stet ea. Kasd vero qui sed justo elitr stet takimata. Esse sea at sed erat et voluptua zzril labore quis kasd enim amet takimata ipsum diam consetetur clita elit. Labore ipsum assum tation gubergren. In nonumy et et tation kasd at ut nam illum amet consetetur takimata aliquyam. Invidunt gubergren eirmod autem rebum autem erat nibh consequat elitr eirmod amet dolor diam diam euismod sit sanctus lorem. Praesent voluptua tation feugiat et ut sed stet dignissim eos vel iriure. Dolor eirmod et kasd lorem. At magna rebum accusam. Sadipscing takimata eirmod gubergren ipsum sit invidunt placerat minim feugait elitr sadipscing dolor labore lorem kasd takimata diam. Accusam et sit. Eum consetetur tempor eu nonumy labore et consequat et aliquyam est ut nonumy facer. At lorem diam sit vero sadipscing stet dolor aliquyam accusam amet. Ut labore dolores duis justo sit magna vero in elitr. Diam sea sit sit eos dolor duis doming labore dolor iriure amet iriure voluptua invidunt eos sanctus.\nMolestie erat clita molestie no odio ipsum nulla dolore amet. Justo dolore clita et amet consetetur veniam justo rebum eleifend suscipit dolore molestie vero. Diam eos ipsum wisi luptatum vero dolore dolores takimata lorem nulla ea eos. Diam magna eos kasd et sit sea kasd kasd lorem molestie dolore sed consetetur aliquip aliquyam dolore lorem. Magna dolore consetetur at nonummy takimata volutpat commodo ipsum eros eum dolor exerci lorem quod tempor no tempor. Invidunt sit in eros aliquyam duis at sed lorem eum amet ut lorem et mazim tation suscipit ea tempor. Duo dolore takimata possim consetetur duo sed sit duo eirmod et est duo takimata ea augue stet possim consetetur. Dolor tempor amet nonummy dolor diam labore dolores et sea ipsum et et ut kasd quis vero nulla gubergren. Dolore facilisi nulla facilisis diam soluta elitr stet diam et invidunt justo euismod takimata luptatum. Justo gubergren voluptua duo ut voluptua ipsum sea magna labore clita lorem nulla accumsan. Kasd facilisis amet nulla suscipit dolore diam sit. Eirmod accusam eos diam. Accusam quod vero sit enim vel invidunt tempor velit magna et dolor tempor et lobortis. Erat diam sanctus minim suscipit ipsum velit dignissim dolor volutpat magna eirmod et kasd est aliquyam lorem dolore amet. Gubergren dolores magna sanctus.\n","publishDate":"2022-06-20T21:35:20.6247194+00:00"},{"id":8,"title":"Book 8","description":"Sea dolor consetetur dolor et sed erat aliquyam ea lorem vel duo labore dolore. Amet eos vel ut possim wisi sit clita tempor at diam aliquip ea et consetetur tempor. Aliquyam quod amet option erat in invidunt dolore consetetur sit vero. Eum iusto accusam ea et vero ullamcorper tempor gubergren feugiat ipsum nostrud iriure voluptua dolore et. Sed ipsum ut no vulputate et eros accusam ipsum sea justo erat eos labore feugait dolore ut kasd duo. Dolore lorem elitr elit ipsum sit et tempor labore nonummy invidunt.\n","pageCount":800,"excerpt":"Eirmod diam sadipscing feugiat hendrerit sea eos sed erat dolor tation dolor. Praesent sit diam justo et sit lorem tincidunt ut. Dolor lorem sea ipsum ullamcorper vulputate consetetur vel ipsum dolor sanctus diam aliquyam ut dolores lorem in. Duo tempor dolor invidunt ipsum eos stet dolore esse iriure. Justo esse nonumy justo sed et ea iriure et vero nonumy euismod dolor duo amet esse feugiat. Dolor elit quis. Gubergren diam ipsum nonumy ipsum. Et diam eos magna velit duo elitr eos dolores tempor lobortis aliquyam dolor gubergren. Sea blandit sit hendrerit et blandit duo labore labore dolor est aliquyam consequat aliquam. Amet ut et magna veniam facilisi et. Sed ullamcorper sanctus sit ea diam est dolor elitr aliquyam duis et dolor sadipscing eirmod tation ad dolores. Magna at sit duo laoreet magna erat ea amet rebum clita sed consectetuer eirmod dolor consetetur sit diam eirmod. Lorem accusam dolores eos ullamcorper et sanctus aliquam sadipscing et duis diam at nonumy eirmod dolores clita. Invidunt elitr amet stet diam gubergren ipsum sanctus amet et lorem diam dolor. Sit invidunt at nostrud justo et dolor dolore sed et diam diam nonumy eirmod et at dolores. Et accusam nulla sit stet ea dolores dolor amet in. Diam ipsum sit justo stet sit eos eirmod est vero. Sed takimata et elitr at amet tempor lorem sit euismod justo clita et. Et at vero eirmod ipsum duo.\nNo elitr clita et et et adipiscing lorem gubergren accusam no adipiscing stet rebum cum elitr. Ad vel duo et tempor sea illum et. Sed duis et vero et et stet labore et eos. Luptatum sit nibh vero magna sanctus in erat. Minim rebum no accusam facilisis eos tempor dolore liber erat erat nonummy lorem quis amet sadipscing rebum et enim.\nAliquip wisi ea aliquip est takimata et duis sea dolores in labore magna ut diam takimata. Takimata sadipscing clita nulla veniam. Dignissim vulputate est eum diam duo iusto at. Ipsum takimata sit nisl. Sea autem suscipit et clita nibh iriure vero vel ea sanctus suscipit facilisis tincidunt lorem soluta gubergren hendrerit. Et labore amet et sed accumsan est vero sea ipsum eros.\nEu lobortis diam ex assum eirmod sed no dolor et velit eos vero molestie tempor duo dolore lobortis diam. Clita dolores et dolores voluptua duo dolor vero at soluta sed magna ipsum vero accusam. Feugait nulla et labore tempor consetetur sed. Ipsum stet kasd ea dolor amet eos lorem autem. Et diam doming erat esse dolor sadipscing dolores gubergren eirmod eos ut amet nihil sea sit te diam. Duo diam nonumy in tempor esse duo dolores labore feugait. Molestie dignissim duis ut diam dolores illum sadipscing. Dignissim sit accusam vero at ipsum invidunt veniam vel vulputate ullamcorper no. Sed suscipit ex dolores ullamcorper aliquyam nisl amet dolore ea vulputate magna suscipit facer diam est. Invidunt sanctus sed erat clita tempor diam dolores. Zzril sanctus sed kasd sadipscing. Gubergren vel sit amet duo odio kasd et eos stet.\nVero lorem sed magna rebum diam aliquam elitr vel sit voluptua est duo. Ipsum gubergren duis aliquyam dolore justo ut rebum sea lorem dolor molestie autem lorem vel. Feugait doming ipsum doming feugiat et et nonumy ipsum ipsum. Elit invidunt stet dolor et dolores amet dolores no in sanctus. Eirmod eos iusto invidunt voluptua minim et sed ut ipsum duo stet accusam kasd. Sit suscipit clita illum facilisis labore justo assum minim consetetur lobortis est rebum et in rebum blandit diam takimata. Nobis eos consetetur ipsum et consectetuer in takimata no erat ut aliquam sit elitr. Kasd voluptua lorem ipsum hendrerit elitr diam tempor. Ut diam est dolor invidunt sit consetetur ipsum velit amet elitr dolore sit takimata consequat consetetur magna at. Esse lorem minim rebum sit. Sanctus in diam ea. Luptatum commodo tempor magna vel et nibh lorem esse consetetur accusam gubergren dolores assum kasd ea ea. Lorem erat amet accusam odio ipsum magna accumsan clita diam et invidunt iriure duo ipsum. Et in dolor et sit luptatum at et et delenit odio vero voluptua gubergren gubergren at sea. Wisi at duis amet nulla duo possim velit accusam justo dignissim eos justo sadipscing ea. Et possim consequat euismod et rebum eos euismod consetetur tation consetetur amet.\n","publishDate":"2022-06-19T21:35:20.6341601+00:00"},{"id":9,"title":"Book 9","description":"Dolore consectetuer sanctus et sadipscing voluptua quis aliquyam diam enim praesent diam magna. Et sed possim takimata diam justo in elit ut nonummy clita amet veniam vero eirmod. Eos clita ipsum invidunt feugait feugait erat diam et diam no nonumy hendrerit feugait mazim et tempor amet. Vero dolore tempor kasd kasd laoreet lorem gubergren accusam et iriure dolor et amet feugiat diam elitr. Accusam dolore amet dolor. Et et no dolore sanctus lorem iusto erat amet nulla. Sit dolores et takimata sit tempor ipsum delenit sed justo adipiscing. Sed et ut augue liber molestie nonumy. Stet sea feugiat. Eum no diam luptatum sanctus magna gubergren amet exerci esse dolor sed et ea diam consequat aliquam. Magna voluptua ut invidunt exerci sed. Consetetur ut at dolore eirmod. Nonumy magna et labore est sadipscing augue invidunt sit. Takimata tation nostrud justo duo mazim clita. Ipsum et feugiat dolor est aliquam voluptua quis ipsum est ea sed diam justo sadipscing magna sadipscing. Et elit amet ea sed sit.\n","pageCount":900,"excerpt":"Diam exerci lorem est et nibh nonumy vulputate qui est diam. Nonumy facilisis vel no vel accumsan erat sea amet aliquyam ex est clita et elit erat soluta. Tincidunt invidunt labore et sit vel ipsum dignissim at nulla at. Blandit et takimata sed no ea at. Aliquam amet adipiscing. Aliquyam et ut enim accusam lobortis dignissim dolore tempor et tempor feugiat sed cum kasd at eos. Justo erat sed at labore no amet.\nConsetetur tempor rebum eos accusam clita nonumy rebum zzril magna elitr. Et dolor amet sed nam labore at sea diam eos amet ipsum lorem. Sea doming sit quis elitr tempor dolores est blandit magna. Facilisis tation ipsum option kasd vero vero ea. Elitr lobortis iriure amet aliquyam gubergren euismod laoreet accumsan voluptua sadipscing accusam amet at duis elitr diam at invidunt. Justo nulla magna ipsum molestie kasd voluptua et ipsum. Voluptua magna vero eos amet vero esse magna invidunt accusam ut clita at dolore no dolor ut at. Rebum est vulputate duis. Congue eirmod amet diam sea dolor wisi ut sit diam rebum nostrud nisl nonumy ut. Consetetur eos ut eos accumsan tempor dolor et ea duis accusam ex aliquip nihil augue adipiscing vel. Dolore aliquyam consetetur ad et blandit in est autem congue ut gubergren et amet nonummy stet.\nIpsum lorem nonummy invidunt ut sed quis nostrud ut justo facilisi ut erat duo eos et vero sanctus. Takimata ipsum ea takimata amet vulputate augue eros est eum autem. Congue eu sanctus vel sea iriure velit vero sit duo sed lorem amet ea stet placerat. Est sed vel nostrud ut dolor. Lorem invidunt diam. Duo molestie et lorem sit sit vulputate dolore in sed rebum. Diam invidunt autem takimata euismod sadipscing. Dolor exerci ipsum sadipscing ea ullamcorper sit et eos justo te consequat volutpat dolor clita. Stet duo clita dolore sanctus eirmod congue vero sanctus diam dolore.\nEt gubergren kasd dolores ullamcorper et ipsum sed diam. Eos sed tempor sed id voluptua clita elit takimata vel ipsum et illum hendrerit stet qui aliquyam eum diam. Nonummy nulla sed lobortis soluta nostrud sanctus cum accusam elitr eros dolor est nonumy diam nihil ea dolore consetetur. Ipsum commodo sit kasd suscipit erat clita nulla ut veniam stet lobortis no ipsum dolore dolores ipsum. Ea feugait iriure ipsum voluptua dolores magna eirmod eirmod vel dolore ipsum amet invidunt augue. Molestie consequat et ullamcorper et et veniam duis duo no magna eos dolore ipsum commodo. Diam lorem lorem doming sadipscing dolores diam ipsum takimata sea iriure dignissim at consequat. Et amet aliquyam. Ipsum gubergren tincidunt erat diam no sed sed takimata molestie euismod duo diam. Diam sea invidunt at. Ipsum sit accusam dolor kasd rebum elitr. Quis diam no sed eos consetetur aliquip et elitr justo justo sadipscing. Cum dolore sanctus gubergren at at ut ut at eos volutpat invidunt. Sadipscing sea sit invidunt invidunt et consequat tempor et dolore amet erat dolor et elitr ea sea hendrerit amet. Takimata eros sanctus assum aliquyam eos dolore vel gubergren kasd et ipsum aliquam sit lorem erat sadipscing kasd dolore. Amet dolor dolores sanctus sanctus eirmod lorem eleifend. Consequat et sed ea sit sanctus diam et placerat nisl sit labore.\nMagna quis hendrerit sed sed option nonumy. Vero at lorem aliquyam veniam eirmod. No amet ut quis duis. Sea invidunt iusto dolore velit. Est vero et eirmod nonumy sadipscing dolore duis. Esse lorem dolores nulla at commodo. Lorem et eos. Elit dolores at diam sed est lorem minim lorem eirmod diam elitr stet vero stet voluptua dolor ipsum.\n","publishDate":"2022-06-18T21:35:20.6342334+00:00"},{"id":10,"title":"Book 10","description":"Nibh eu lobortis veniam at sanctus. Id nobis dolor eirmod sit duis sed duo elit dolor accumsan dolore vero. Vero consequat sadipscing at. Tempor dolore luptatum tempor dolor sea aliquyam iusto. Vero minim et et. Dolores ipsum tation. Amet consequat dolor amet ipsum kasd sadipscing. Sit et eirmod diam gubergren accusam erat et consetetur lorem elitr.\n","pageCount":1000,"excerpt":"Sit justo dolores ullamcorper eirmod suscipit takimata ullamcorper magna accusam aliquam amet diam gubergren diam esse. Dolore sanctus ut dolore lobortis sadipscing at dolor tempor diam at lorem sanctus et lorem lorem amet. Diam vel eos sed eos diam et dolor stet eirmod vel aliquyam quod. Consetetur accusam eum velit diam diam erat labore invidunt stet et delenit tempor erat magna ea eu gubergren commodo. At ipsum luptatum amet sed nisl ea et iriure id velit erat sea. Mazim sed nihil est magna nonumy magna congue cum. Invidunt amet sea eos elitr dolore ipsum lorem amet nonumy diam sea ipsum sanctus feugiat autem no aliquyam rebum. Eos elitr iusto. Iriure amet sea accumsan lorem invidunt sanctus dolor diam gubergren rebum tempor ipsum takimata kasd dolor no. Gubergren eu feugiat euismod sadipscing consetetur dolore lorem eu dolor magna sea gubergren in. Ea quis at et sit vel et dolore. Eirmod labore in dolor dolores at clita aliquyam. In erat dolor lorem dolor ipsum. Rebum et diam velit tation nibh nibh ea soluta est commodo ut et duo duis.\nDiam sed diam et zzril et eleifend laoreet aliquam suscipit sadipscing lorem in at facilisi rebum. Adipiscing gubergren ut mazim duis. Invidunt et erat lorem vero clita justo dolore labore justo erat sea aliquip sit et diam erat. Tation facilisis nisl dolor takimata ipsum soluta magna exerci tempor et. Ut soluta voluptua accusam sed eirmod ut dolor ad sanctus et dolore nostrud eos et et. Eum ipsum et lorem eos te diam amet sit lorem sadipscing elitr diam diam. Hendrerit hendrerit nulla clita voluptua suscipit dolor erat rebum nonumy suscipit nulla labore elitr labore duis kasd sea ut. Ipsum kasd iriure takimata tation sed diam ea dolore. Diam zzril amet eirmod at lorem magna commodo blandit sanctus magna no et. Dolor velit invidunt eirmod amet rebum invidunt. Qui labore aliquyam. Takimata vero at et elitr sea ut sed velit dolores ut exerci velit gubergren at et. Vel est gubergren dolor justo magna vero dolore dolore erat kasd. Qui est labore justo sadipscing tation amet justo. Consetetur nobis eos et consetetur ad mazim autem eirmod. Diam et kasd rebum magna consetetur id dolore at tempor sed ut et eos. Mazim et erat.\nEt autem ut invidunt kasd diam vel facilisi. Ipsum adipiscing no. Consetetur id blandit dolor et diam erat in erat sea dolor facilisis. Ipsum diam et volutpat ipsum dolores magna magna dolor aliquyam sanctus duis diam. Duis sanctus dolore invidunt sanctus clita. Diam erat iriure vero te eos aliquyam accusam dolores ut aliquyam voluptua praesent dolor vero clita dolores sanctus gubergren. Eu rebum justo dolor cum sit rebum clita ut justo et eirmod nulla lorem dolor dolor vulputate cum. Magna nobis et no ea sanctus feugiat sit. Elitr et amet et sed lorem euismod lorem commodo ea dolore dolores sea aliquyam. Takimata dolore iusto est eirmod erat quis sit te. Elit dolores et sea stet vel et est duo invidunt. Takimata dolore iusto in liber amet dolores dolore adipiscing invidunt facilisi consetetur dolores sanctus kasd. Minim sed erat sadipscing voluptua consetetur augue at minim enim et dolore invidunt. Feugait magna tempor ut ut sit sea eos est sadipscing sea lobortis stet elitr autem nobis duis justo. Kasd illum sit et et dolores clita minim et clita ea et est. Dolore sit vulputate magna invidunt labore et et takimata placerat sit diam eum eirmod et eirmod kasd est dolore. Rebum diam wisi accusam. Volutpat sit duo diam sit. Stet blandit invidunt in eum at nonumy vel ea amet.\nDolor nihil amet eum eirmod gubergren at lorem et. Tempor lobortis velit dolor. Consetetur feugait at aliquyam ipsum ea dignissim et dolor iriure eos aliquyam aliquyam sea molestie. No quod ut volutpat ipsum eros ea et kasd. Amet volutpat diam dolores diam. Eu feugiat eos ut rebum voluptua consetetur rebum aliquyam consetetur et vero tincidunt diam.\nVero autem mazim vero enim erat assum labore nonumy ut ipsum no sit. Amet nisl ad soluta est vero eos dolor et vero dolore diam gubergren ut no no sadipscing. Dolores ipsum sadipscing sanctus sed nulla eum nulla. Stet erat duis eos dolor takimata sit et nihil ipsum ullamcorper euismod elitr euismod lorem diam invidunt ut augue. Ut et rebum consetetur nonumy liber cum voluptua diam sea clita dolores magna. Erat erat augue at. Sit sit et sed erat et dolor est lorem justo aliquam voluptua. Vel luptatum vero lorem erat nulla dolor et tempor et sed. Liber sit diam nonumy invidunt magna. Et et accusam accumsan aliquyam vero esse eirmod ipsum. Lorem dolore accusam ullamcorper ullamcorper accusam at accusam sed erat nostrud accusam consetetur option rebum invidunt esse eirmod sed. At sed dolor laoreet iriure kasd erat diam ut tempor dolor eu. Invidunt sit ea et sed vero ea nonumy invidunt eirmod erat ad tempor dolor voluptua erat. Sea ipsum sit et esse no no aliquam ut voluptua amet dolore takimata eos rebum diam. Nisl aliquyam aliquyam diam hendrerit tincidunt est magna. Eirmod invidunt eos.\n","publishDate":"2022-06-17T21:35:20.6344721+00:00"},{"id":11,"title":"Book 11","description":"Dolor tation erat ea. Et ipsum labore eos volutpat et invidunt accusam tempor quod duis dolores consetetur facilisis rebum ipsum. Vel dolores eos. Ipsum luptatum diam erat sit et dolor zzril labore gubergren labore stet et aliquyam et. Rebum et sit sanctus wisi et dolor wisi in justo duis praesent. Sit dolor rebum. Feugiat invidunt sit amet at et lorem dolore et lorem. Accusam consetetur dolore dolor est lorem ea justo ipsum enim labore eum eos eum dolore diam vel facilisis amet. Gubergren iriure tincidunt. Illum et et.\n","pageCount":1100,"excerpt":"Amet et sanctus sed eirmod laoreet takimata tempor sit ex vero facilisis duis feugait. Diam dolor accusam et takimata duo eros gubergren eirmod dolor suscipit. Voluptua dolore amet magna tempor sed sea tincidunt volutpat dolores veniam ipsum invidunt et dolor consetetur dolor tempor. Dolore diam no amet elit amet aliquam sed ea rebum consetetur ea amet sed. Elitr ipsum nostrud ullamcorper at labore suscipit consetetur rebum. Gubergren dolor consetetur aliquyam suscipit. Id et ipsum sed est dolore. Facer duo augue sed eirmod gubergren dolore vero consetetur ea. Kasd eros magna nihil esse ut sea ut molestie magna sadipscing. Clita gubergren est et iriure facilisi lorem. Imperdiet ea stet zzril. Accusam no no dolore zzril amet eu dolore rebum. No aliquyam sit vero sit eum lorem praesent nonummy ut assum. Amet adipiscing molestie consequat dolor sed gubergren gubergren illum eos. Diam elitr iriure elitr et sadipscing vel et eirmod vulputate autem sit labore et option. Aliquam rebum enim vero at.\nSadipscing sadipscing accusam zzril amet labore labore nostrud laoreet elitr gubergren voluptua aliquyam nonumy dolor lorem duis dolore. Et clita molestie est facilisi est tation invidunt erat ipsum nobis takimata et ipsum tempor eirmod. Vel ut ipsum justo est praesent. Ipsum ipsum sed. Diam sit sit congue duo diam dolor.\nEa sed consetetur lorem et ut facer amet diam accumsan erat rebum duo justo amet ea gubergren iriure. Nonumy gubergren sea elitr eirmod. Justo justo lorem est clita facilisis elitr sed aliquyam nobis est eirmod aliquyam option ea erat lorem sanctus. Praesent diam labore sea aliquyam lorem in dolor praesent lorem no luptatum sit no aliquyam erat volutpat. Lorem vulputate no accusam gubergren dolores gubergren et magna at quod et luptatum aliquam ullamcorper quod eirmod erat. Ut stet magna commodo stet dolor lorem volutpat rebum facilisis tation augue tempor. Dolore at consequat ea dolor vel nonummy amet et stet justo ipsum sea et minim wisi eirmod dolore. Eos eos praesent. Rebum quod sea eu clita sea. Ipsum dolore elitr. Tempor voluptua vel. Takimata sit sea justo. Assum veniam gubergren wisi sadipscing et est velit amet stet gubergren congue accusam elit dolores et eos. Lorem sit sit lorem et takimata nulla ipsum sed. Eum erat erat diam justo dolor diam dolore te blandit invidunt. Dolore kasd accusam et consetetur kasd molestie amet consetetur at at hendrerit eum ipsum iriure dolor.\nAmet lorem amet magna et accusam et lorem lorem nonumy et consectetuer diam vero autem lobortis ipsum. Accumsan ea justo diam dolor sit diam sit quod ea magna rebum dolore no sed congue. Sit amet magna sit diam ipsum. Ut aliquyam amet erat erat. Ea luptatum vero. Vel ea kasd congue et accusam sanctus. Odio elitr ullamcorper takimata accumsan te eirmod et invidunt accusam ipsum. Tempor duo nulla sed et gubergren eu eirmod amet. Ut minim sit takimata option at assum ut takimata nonumy. Lobortis eum vulputate tincidunt volutpat est ipsum consetetur accusam dignissim enim sadipscing doming dolor elitr ad sanctus. At amet justo ut nostrud kasd suscipit lorem erat dignissim odio consetetur dolor. Dolores stet et feugiat no. Dolor justo laoreet invidunt vero vero consetetur diam duis congue aliquip sed amet elit accusam magna in dolor.\nAt justo doming dolore consectetuer sit vero nonumy facilisis diam voluptua kasd amet nonumy erat clita dolore amet. Ipsum diam facilisis commodo. No tempor et lorem. Voluptua ea amet dolor. Ea ut dolor iusto dolore amet duo nonumy amet vel sanctus diam et ea eos eirmod dolore. Justo amet duis assum et eirmod blandit et. Sadipscing lorem dolore sadipscing ipsum at eu dolor et. Blandit molestie minim eirmod ex magna nonumy vero. Est stet lorem. Et diam quis accusam tempor accumsan sit minim in nihil gubergren veniam ut vel elitr et duis. Volutpat rebum suscipit est ipsum dolor consetetur ex duo labore duo ut doming nonumy eirmod dolores kasd lorem dolor. Takimata aliquam luptatum elitr facilisis duis congue diam tempor et sed gubergren magna. Accusam accumsan eos diam amet. Justo facilisi at takimata. Aliquam nonumy nam esse blandit.\n","publishDate":"2022-06-16T21:35:20.6345445+00:00"},{"id":12,"title":"Book 12","description":"Duis tempor feugiat laoreet nostrud ut sed diam et rebum stet. Sit et diam invidunt lorem. Ipsum clita ea luptatum ullamcorper takimata ex nonumy takimata at vel amet elit sit ipsum. Sea rebum amet rebum gubergren erat magna sit lorem ut wisi ea hendrerit sadipscing vero facer ut cum commodo. At sed et nonumy eu consectetuer. Takimata sed et molestie tempor amet erat et amet duo at gubergren et clita ea.\n","pageCount":1200,"excerpt":"Diam et consetetur iusto eleifend diam ipsum dolore tempor iriure nulla consequat. In elitr praesent sit sed congue dolores vero eirmod zzril sed. Ad nonumy nonumy nibh lorem te sit vulputate sed kasd stet justo. Dolores dignissim stet sadipscing ea diam accusam est eu lorem et amet. Lorem et kasd eos sanctus clita amet sed. Gubergren ipsum eos ea dolore exerci vero soluta aliquyam illum odio hendrerit aliquyam at dolores tation congue. Id diam dolor invidunt magna iriure sed sadipscing sed diam ut dolore et et eirmod justo vero ut. Gubergren sed tempor et no consetetur et illum feugiat stet odio. Consetetur et sadipscing consequat stet magna commodo sit nostrud erat erat ad nulla suscipit vero liber lorem sanctus. Illum eos stet invidunt amet ut feugiat gubergren elit duo ipsum. Stet dolor sed qui amet gubergren iriure ut amet voluptua takimata dolore stet tempor. Molestie dolores consequat placerat nulla lorem takimata vero eirmod sea dolores et justo delenit no duo. Dolor nonumy sadipscing suscipit sanctus duo sea takimata et consetetur sit.\nEt congue hendrerit ipsum eos nisl rebum quod dolor sit lorem diam te sadipscing rebum. Sed minim et quis duis erat invidunt amet sadipscing esse no eos erat diam takimata feugiat sit. Feugiat sadipscing ipsum nonumy euismod et. Eirmod eos euismod facer vero dolore magna aliquam sit invidunt. Stet sadipscing et commodo dolore. Dignissim erat dolor sed augue duo volutpat ipsum dolor invidunt vel consetetur ex. Labore augue et voluptua aliquyam et nostrud gubergren at rebum lorem quis et erat ipsum lorem aliquyam eos. Sea at facilisis commodo nonumy sadipscing hendrerit stet feugait sit ipsum et. Vero ipsum takimata possim ipsum amet eirmod nonumy dolore ipsum sea sea feugait. Erat dolore lorem nostrud dolor ipsum et nonumy. Laoreet et aliquip tempor exerci. Veniam takimata eos feugait invidunt tempor ipsum consequat voluptua aliquam enim facilisis euismod iriure. Sed quis invidunt iriure stet laoreet sed takimata elitr sit. Wisi vulputate accusam no nulla. Sit eu nonumy dignissim lorem vero justo ut et no.\nLorem stet te eos nonumy iusto tempor illum ut sadipscing justo. Consetetur odio dolor sit amet consequat et sed facilisis rebum et adipiscing vero vel consetetur. Lorem nulla et sit sed vero gubergren nonumy ea vero kasd consectetuer aliquyam. Exerci justo sea sed magna dolores ipsum vero labore diam et kasd quod at consequat dolor. Dolor aliquyam invidunt in stet dolore consetetur sanctus elitr ut no. Tempor ipsum quod sed. Esse gubergren justo duis ut eirmod sea est accusam. Dolores takimata dolore nam vero nulla sed amet iriure sea. Elitr elit id vulputate takimata ipsum stet nonummy.\nEt et stet eum magna diam dolores diam dignissim clita sea dolores stet dolore gubergren sed duo. Est sit invidunt invidunt kasd adipiscing sed sit kasd aliquyam takimata. Eros assum ut eu eu dolores magna amet quod accumsan nonummy takimata. Eos erat sadipscing enim stet erat et ea amet accusam ipsum sadipscing sit te volutpat dolor. Sea amet accumsan lorem. Ea illum tempor delenit sed sadipscing kasd no magna ut eos accusam sit illum ut no duo justo magna. Eros ea ea clita ea sea ipsum facilisis euismod sed duo feugiat diam sea. Vero sanctus et dolor takimata odio magna. Et invidunt exerci volutpat clita at et amet magna hendrerit at sed. Diam eleifend accusam dolore gubergren. Sed eos gubergren eos sed ut magna. Sed no accusam dolor vero et et hendrerit dolor eirmod duo minim praesent ut. Sadipscing eirmod gubergren. Laoreet aliquip eirmod aliquyam et lobortis eum facilisi elitr clita dolor dolore dolores. Et stet quis ut et labore sanctus clita sed sit dolor lorem dolor invidunt vero justo. Et aliquyam diam ea gubergren clita duis et at est sea sit dolor clita.\nAmet et ea amet molestie. Dolor invidunt enim feugiat no sit eirmod mazim nulla justo amet molestie ea diam lorem gubergren. Autem dolores et ut labore sed sit sed magna tempor elit ut dolor est. At elitr amet. Ut eos dolore aliquyam. Accusam tempor consequat velit ipsum. Et ut dolor laoreet dolor stet et feugait nulla lobortis dolor vero sed at hendrerit. Sit ipsum no hendrerit sadipscing invidunt facilisis eleifend feugait takimata nisl sanctus ipsum quod. Dolor sanctus aliquam aliquip et quis nulla ad et dolore est dolor elitr zzril diam kasd sit diam nonumy. Illum molestie dolores. Sea luptatum in tempor takimata sed amet sed elitr in dolor luptatum clita voluptua ut. Diam diam volutpat erat consequat eirmod sed lorem diam justo duo et iriure voluptua ipsum. Duo vulputate ea ea sed dolor accusam voluptua sanctus molestie aliquyam vero no et consetetur nihil. Dolor sed sed. Invidunt dolor ipsum consetetur dolor. Rebum eos no stet amet est amet blandit ea gubergren magna sed. Sed tempor vero ex eirmod kasd tempor sed nonumy. Nulla esse in stet adipiscing minim eu facilisis no ipsum est nostrud suscipit labore at magna nulla vel. Justo id nonumy vero duo minim lobortis.\n","publishDate":"2022-06-15T21:35:20.634626+00:00"},{"id":13,"title":"Book 13","description":"Justo justo diam rebum at lorem sed justo. Amet dolor dolores et consequat et dolor. Vulputate ut et amet sed sed ipsum exerci sanctus takimata et ipsum sanctus sadipscing sit. Commodo at diam aliquyam ipsum elitr tation sed dolore.\n","pageCount":1300,"excerpt":"Sit et et lorem laoreet. Nibh molestie euismod vero. Eos dolor et sit volutpat. Eirmod labore magna sadipscing nonumy sadipscing ad eu dolore soluta nonumy lorem. Diam sea eum labore voluptua et eos et feugiat consetetur eos ipsum nibh amet dolore assum ea. Feugait at magna est sed nonumy takimata rebum rebum lorem sadipscing magna labore te facilisis. Ut amet voluptua et ea dolor dolor sit et vero dolore takimata consequat duo.\nGubergren duo tincidunt. No sed amet erat dolores kasd tempor eu est lorem. Dolor diam ut consectetuer et in dolor suscipit labore dolore ipsum nulla wisi adipiscing eum. Odio feugiat dolor euismod feugiat no dolor dolore et accusam diam qui et. Takimata consectetuer rebum eirmod sit blandit clita diam at sea stet gubergren sit ut nam takimata dolore ut. Ut sed amet sit no amet sed tincidunt id dolor vulputate sea justo dolor diam magna sed consequat diam. Sit in facilisis. Sanctus commodo luptatum sit sit sed velit elitr accusam sanctus elit. Sed dolore quis. Sadipscing sit et et et dolor diam justo. In et ipsum rebum lorem nonumy ea magna sea et dolore magna takimata eros.\nMagna elitr eirmod. Vel et blandit euismod et et ipsum et consequat accusam duis dolore magna labore. Nulla gubergren consetetur lorem et. Labore elitr ipsum nulla et ea sea voluptua iusto amet diam et iriure kasd gubergren sit et takimata. Volutpat ea duis eirmod veniam wisi erat sanctus eum tempor vel. Sed vel dolor est sit nonumy tempor nonumy eirmod aliquam justo feugait diam et diam ad consetetur duo lorem. Diam aliquyam amet dolore dolor wisi. Velit ea dolor dolore est hendrerit ut et dolor magna esse elitr ea et in duo in gubergren diam.\nAmet est nam et et voluptua sit vel lorem vel. Est nisl amet dolores et et sanctus sea eos qui. Lobortis ullamcorper sit tempor et gubergren vero diam sadipscing sit elitr et voluptua ea gubergren. Amet ex tempor stet sit et vero luptatum est gubergren eirmod. Eos diam nulla aliquip exerci facer. Dolores facilisis nulla qui diam. Iriure diam diam duo veniam ea liber ad te praesent nonummy dolor iriure. Sea amet invidunt minim diam et sed in sit sea clita at magna.\nRebum kasd sit augue et elitr gubergren lorem sit sadipscing ut vero amet gubergren. Quis clita ea sed eirmod elitr magna ex vulputate. Dolor ut elit consetetur no eros facilisi sea gubergren et accusam sadipscing sed no invidunt. Tempor erat at feugiat stet justo augue duo lorem vero no clita lorem et dignissim. Tempor et lorem sadipscing gubergren possim takimata consetetur vel est dolor. Dolor kasd invidunt justo volutpat delenit ipsum consequat congue clita. No facilisi consequat vero takimata diam feugiat. Et nonummy accumsan ut est et sit sadipscing nostrud. Dignissim ipsum invidunt erat sed illum sit ea. Dolor ipsum dolore. Nulla lorem eirmod consequat tincidunt dolores et lorem zzril no. Luptatum nisl lorem at nibh nobis ipsum nonumy enim duis et. Consetetur dolore magna duo at gubergren praesent. Gubergren ipsum aliquyam wisi praesent ut. Lorem aliquip sed vero te labore sanctus delenit erat sea at. Consequat kasd ut et aliquam euismod duo sadipscing euismod lorem.\n","publishDate":"2022-06-14T21:35:20.63468+00:00"},{"id":14,"title":"Book 14","description":"Sadipscing sadipscing nobis sadipscing at ut clita dolore ea consetetur takimata ut et kasd nonumy dolore no. Amet et dolor dolor sed et lorem at sed sanctus amet velit. Takimata amet consetetur ipsum dolore no clita et sit justo labore molestie labore dolores et aliquyam erat facilisis. In nostrud magna esse vulputate eros sadipscing erat ea dolore consetetur et in amet lorem duo tempor et. Vero sed et lorem sadipscing labore et ut nonumy tempor tation amet tempor sed. Nulla dolor consequat lorem eirmod dolores. No quod ut sed facilisi et invidunt dolor sed ea amet et et sanctus aliquip dolor lorem commodo nonumy. Tempor sed erat sed tempor consequat ipsum duo nonumy. Quis diam ut. Ea sed praesent. Eirmod tempor voluptua et autem consetetur accusam et rebum sea no rebum. Dolore rebum et sed eirmod et in justo lorem nobis nulla eos ea. Lorem ad lorem amet eirmod. Kasd consetetur amet autem dolore tempor imperdiet sed et diam duo. Consetetur augue magna vero at dolor odio velit ipsum lorem et elitr mazim consetetur est amet vulputate amet ut.\n","pageCount":1400,"excerpt":"Consetetur est justo ipsum. Voluptua wisi est. Nostrud quis et ipsum lorem nulla dolore imperdiet ipsum diam ea eos clita quod ullamcorper amet ipsum congue. Congue ut takimata enim takimata eum lorem tempor at aliquyam lorem lorem tempor dolore. Rebum autem eirmod sanctus. Voluptua no dolore autem lorem gubergren vero dolores sit stet ipsum eirmod clita ut in sit zzril amet. Dolor elitr nulla consetetur esse stet et et no sadipscing duo tation lorem. Lobortis vero illum magna tempor sanctus dolor.\nEt justo id aliquyam eirmod. Consetetur duis sit accusam sed eos ipsum option labore erat in kasd eirmod mazim stet voluptua diam est vero. Magna lorem illum sit consetetur erat voluptua ut et et ut ut et lorem laoreet et. Adipiscing justo sanctus. Illum gubergren kasd ut feugiat ad dolore dolores. Diam gubergren iriure diam amet kasd nulla blandit duo vulputate sea ut ipsum diam ut iriure justo soluta. Sed justo dolore. Soluta nonumy et eos lorem lorem accusam labore. Ipsum wisi invidunt invidunt dolor magna est elitr consetetur est sanctus. Aliquam illum lorem takimata erat dolor nonumy erat. Nonumy lorem gubergren ipsum rebum molestie dolores ea sed dolor aliquip dolore nonummy voluptua et no. Consetetur lorem eros diam lobortis. Eos dolor sanctus. Elitr diam amet eos amet sit ipsum aliquyam est vero sanctus dolor labore gubergren qui. Elitr in qui sit ullamcorper.\nSed ipsum et tempor nonumy diam nibh ut sed accusam vero. Kasd ut gubergren amet. Ipsum elit labore eirmod in duo elitr est et. Duo tincidunt autem diam at nobis feugait erat justo sed lorem justo vero. Dolor option sed duis tation adipiscing nisl eirmod. No in gubergren sadipscing dolore erat veniam lobortis ea sit possim amet labore ex diam. Diam kasd dolor amet lorem sit. Consequat labore gubergren justo voluptua diam ipsum et quod gubergren no dolor. Ea feugiat diam. Et takimata et ut et feugait ipsum ut delenit. Clita qui ex tincidunt labore ipsum amet takimata no odio justo dolores labore.\nSanctus ut et sadipscing justo sit diam. Sit magna voluptua amet rebum volutpat in in duo sed imperdiet. At dolores et consetetur ea tempor dolore at. Ipsum rebum ea clita. Eirmod erat amet feugiat sit esse ea sanctus invidunt aliquyam. Te ipsum tation lorem justo. Ipsum facilisis nihil elitr diam sea clita aliquip lorem magna id duis laoreet enim. Eros takimata sanctus accusam invidunt aliquam labore sit ipsum sadipscing labore iriure tempor consetetur dolore ipsum.\nDolor kasd nonumy vel dolor ut ut blandit laoreet kasd kasd dolores eos sit duo amet eum et. Suscipit no sed ut est consequat. Eirmod eirmod placerat et magna eos soluta. Ad dolores eum eos takimata consectetuer nonumy lorem option sit eos ea voluptua vulputate sed. Kasd diam ipsum nostrud takimata at et stet et erat et eos sed vero clita nisl vero. Et nonumy ipsum et dolor clita magna et tation eros autem et rebum amet kasd dolor lorem amet. Amet ut labore labore erat nonumy amet eirmod dolores facer amet et nonumy zzril. Duis nobis labore eos. Euismod consetetur volutpat invidunt invidunt accusam kasd diam tempor sit. Dolor diam dolore placerat accusam vel ut diam molestie sit diam sed eum dolore ut. Accusam et ut autem. Sed et assum nonumy illum sea rebum. Justo justo at consetetur justo dolore dolores. Nulla sed sed et duis autem volutpat takimata consectetuer duo consectetuer. Tempor dolore stet nonumy invidunt eu amet minim stet. Amet lorem dolor consequat sit nibh rebum labore dolor eros voluptua consequat amet diam eos amet justo et eirmod. Nostrud nulla at rebum vero amet ea takimata sit magna no diam stet et zzril. Eirmod commodo eros feugiat gubergren eos facilisis blandit stet.\n","publishDate":"2022-06-13T21:35:20.6347558+00:00"},{"id":15,"title":"Book 15","description":"At suscipit in dolor ut nonumy labore gubergren magna. Sadipscing sea aliquam invidunt stet lorem stet. Illum ut takimata ut duis autem dolore clita diam takimata invidunt. Facer takimata aliquyam. Eos vero sea takimata ipsum lorem nonumy tation hendrerit et sea dolore ipsum elitr ipsum accusam. At ipsum duo amet dolores et sed. Et ea iriure magna sed at ipsum placerat. Consetetur est et duis ut duo takimata kasd. Elitr takimata nonumy sea vero consetetur dolor sanctus duis at dolor est dolores ut amet et sea dolor et. Et et lorem lobortis.\n","pageCount":1500,"excerpt":"Et stet vero. Voluptua ut nonumy delenit consetetur takimata. Sit sanctus wisi accusam dolor dolore sit sadipscing. Invidunt cum in sed labore autem velit eros duo et dolor dolor ut. Iusto consectetuer elitr consetetur labore labore velit. Et voluptua dolor tempor ut no dolore illum magna. Et molestie et placerat diam facilisi et consetetur aliquam ea. Et sed magna est sed clita wisi sea est laoreet exerci lorem delenit et dolore rebum. Rebum feugiat accusam amet odio sadipscing nam in et sadipscing sit sed elit eum nonumy. Et sit est elitr. Eirmod magna tempor ipsum sadipscing autem et nonumy consetetur amet dolore illum nonumy takimata minim. Ipsum nobis ipsum laoreet eos sit clita rebum sit exerci sit voluptua magna sit voluptua gubergren et kasd. Adipiscing clita stet nulla et amet ea kasd.\nDolor lorem et in labore tation dolor sed aliquyam duo et suscipit. Et dolores gubergren ut eirmod iusto invidunt autem aliquyam illum dignissim iriure aliquam voluptua sit magna. Tempor lorem magna nibh ea clita at lorem et magna justo sanctus duo aliquyam eirmod et sit adipiscing. Molestie aliquyam at sanctus nonummy suscipit ut et.\nEt justo accusam ea. Diam et lorem eirmod stet exerci vel ea et takimata clita takimata enim labore sit no. At ut ea sit elitr sed esse kasd rebum dolore congue eum labore dolores diam delenit. Ad sed ipsum nihil tempor eirmod ipsum rebum dolores et duo elitr feugiat minim et eos. Molestie sea dolor
[...]
<status status="PASS" starttime="20220627 18:35:22.846" endtime="20220627 18:35:22.850"/>
</kw>
<kw name="Set Test Variable" library="BuiltIn">
<arg>${RESPOSTA}</arg>
<doc>Makes a variable available everywhere within the scope of the current test.</doc>
<msg timestamp="20220627 18:35:22.850" level="INFO">${RESPOSTA} = &lt;Response [200]&gt;</msg>
<status status="PASS" starttime="20220627 18:35:22.850" endtime="20220627 18:35:22.850"/>
</kw>
<status status="PASS" starttime="20220627 18:35:22.451" endtime="20220627 18:35:22.850"/>
</kw>
<kw name="Conferir o reason" library="ResourceAPI">
<arg>OK</arg>
<kw name="Should Be Equal As Strings" library="BuiltIn">
<arg>${REASON_DESEJADO}</arg>
<arg>${REASON_DESEJADO}</arg>
<doc>Fails if objects are unequal after converting them to strings.</doc>
<status status="PASS" starttime="20220627 18:35:22.851" endtime="20220627 18:35:22.852"/>
</kw>
<status status="PASS" starttime="20220627 18:35:22.851" endtime="20220627 18:35:22.852"/>
</kw>
<kw name="conferir o status code" library="ResourceAPI">
<arg>200</arg>
<kw name="Should Be Equal As Strings" library="BuiltIn">
<arg>${STATUS_CODE_DESEJADO}</arg>
<arg>${STATUS_CODE_DESEJADO}</arg>
<doc>Fails if objects are unequal after converting them to strings.</doc>
<status status="PASS" starttime="20220627 18:35:22.853" endtime="20220627 18:35:22.853"/>
</kw>
<status status="PASS" starttime="20220627 18:35:22.852" endtime="20220627 18:35:22.853"/>
</kw>
<kw name="Conferir se retorna todos os dados corretos do livro 15" library="ResourceAPI">
<kw name="Dictionary Should Contain Item" library="Collections">
<arg>${RESPOSTA.json()}</arg>
<arg>id</arg>
<arg>${BOOK_15.id}</arg>
<doc>An item of ``key`` / ``value`` must be found in a ``dictionary``.</doc>
<status status="PASS" starttime="20220627 18:35:22.854" endtime="20220627 18:35:22.855"/>
</kw>
<kw name="Dictionary Should Contain Item" library="Collections">
<arg>${RESPOSTA.json()}</arg>
<arg>title</arg>
<arg>${BOOK_15.title}</arg>
<doc>An item of ``key`` / ``value`` must be found in a ``dictionary``.</doc>
<status status="PASS" starttime="20220627 18:35:22.855" endtime="20220627 18:35:22.857"/>
</kw>
<kw name="Dictionary Should Contain Item" library="Collections">
<arg>${RESPOSTA.json()}</arg>
<arg>pageCount</arg>
<arg>${BOOK_15.pageCount}</arg>
<doc>An item of ``key`` / ``value`` must be found in a ``dictionary``.</doc>
<status status="PASS" starttime="20220627 18:35:22.857" endtime="20220627 18:35:22.857"/>
</kw>
<kw name="Should Not Be Empty" library="BuiltIn">
<arg>${RESPOSTA.json()["description"]}</arg>
<doc>Verifies that the given item is not empty.</doc>
<msg timestamp="20220627 18:35:22.857" level="INFO">Length is 223</msg>
<status status="PASS" starttime="20220627 18:35:22.857" endtime="20220627 18:35:22.857"/>
</kw>
<kw name="Should Not Be Empty" library="BuiltIn">
<arg>${RESPOSTA.json()["excerpt"]}</arg>
<doc>Verifies that the given item is not empty.</doc>
<msg timestamp="20220627 18:35:22.861" level="INFO">Length is 2676</msg>
<status status="PASS" starttime="20220627 18:35:22.857" endtime="20220627 18:35:22.861"/>
</kw>
<kw name="Should Not Be Empty" library="BuiltIn">
<arg>${RESPOSTA.json()["publishDate"]}</arg>
<doc>Verifies that the given item is not empty.</doc>
<msg timestamp="20220627 18:35:22.862" level="INFO">Length is 33</msg>
<status status="PASS" starttime="20220627 18:35:22.861" endtime="20220627 18:35:22.863"/>
</kw>
<status status="PASS" starttime="20220627 18:35:22.854" endtime="20220627 18:35:22.863"/>
</kw>
<status status="PASS" starttime="20220627 18:35:22.450" endtime="20220627 18:35:22.863"/>
</test>
<test id="s1-t3" name="Cadastrar um novo livro (POST)" line="19">
<kw name="cadastrar um novo livro" library="ResourceAPI">
<kw name="Post Request" library="RequestsLibrary">
<var>${RESPOSTA}</var>
<arg>fakeAPI</arg>
<arg>Books</arg>
<arg>data={"id": 9, "title": "teste","description": "teste","pageCount": 200,"excerpt": "teste","publishDate": "2022-06-22T23:22:51.42Z"}</arg>
<arg>headers=${HEADERS}</arg>
<doc>Send a POST request on the session object found using the
given `alias`</doc>
<msg timestamp="20220627 18:35:23.097" level="INFO">POST Request : url=https://fakerestapi.azurewebsites.net/api/v1//Books 
 path_url=/api/v1//Books 
 headers={'User-Agent': 'python-requests/2.27.1', 'Accept-Encoding': 'gzip, deflate', 'Accept': '*/*', 'Connection': 'keep-alive', 'content-type': 'application/json', 'Content-Length': '127'} 
 body=b'{"id": 9, "title": "teste","description": "teste","pageCount": 200,"excerpt": "teste","publishDate": "2022-06-22T23:22:51.42Z"}' 
 </msg>
<msg timestamp="20220627 18:35:23.097" level="INFO">POST Response : url=https://fakerestapi.azurewebsites.net/api/v1//Books 
 status=200, reason=OK 
 body={"id":9,"title":"teste","description":"teste","pageCount":200,"excerpt":"teste","publishDate":"2022-06-22T23:22:51.42Z"} 
 </msg>
<msg timestamp="20220627 18:35:23.097" level="INFO">C:\Users\ferna\AppData\Local\Programs\Python\Python310\lib\site-packages\urllib3\connectionpool.py:1043: InsecureRequestWarning: Unverified HTTPS request is being made to host 'fakerestapi.azurewebsites.net'. Adding certificate verification is strongly advised. See: https://urllib3.readthedocs.io/en/1.26.x/advanced-usage.html#ssl-warnings
  warnings.warn(</msg>
<msg timestamp="20220627 18:35:23.102" level="INFO">${RESPOSTA} = &lt;Response [200]&gt;</msg>
<status status="PASS" starttime="20220627 18:35:22.866" endtime="20220627 18:35:23.103"/>
</kw>
<kw name="Log" library="BuiltIn">
<arg>${RESPOSTA.text}</arg>
<doc>Logs the given message with the given level.</doc>
<msg timestamp="20220627 18:35:23.106" level="INFO">{"id":9,"title":"teste","description":"teste","pageCount":200,"excerpt":"teste","publishDate":"2022-06-22T23:22:51.42Z"}</msg>
<status status="PASS" starttime="20220627 18:35:23.103" endtime="20220627 18:35:23.106"/>
</kw>
<kw name="Set Test Variable" library="BuiltIn">
<arg>${RESPOSTA}</arg>
<doc>Makes a variable available everywhere within the scope of the current test.</doc>
<msg timestamp="20220627 18:35:23.108" level="INFO">${RESPOSTA} = &lt;Response [200]&gt;</msg>
<status status="PASS" starttime="20220627 18:35:23.106" endtime="20220627 18:35:23.108"/>
</kw>
<status status="PASS" starttime="20220627 18:35:22.865" endtime="20220627 18:35:23.108"/>
</kw>
<kw name="Conferir o reason" library="ResourceAPI">
<arg>OK</arg>
<kw name="Should Be Equal As Strings" library="BuiltIn">
<arg>${REASON_DESEJADO}</arg>
<arg>${REASON_DESEJADO}</arg>
<doc>Fails if objects are unequal after converting them to strings.</doc>
<status status="PASS" starttime="20220627 18:35:23.111" endtime="20220627 18:35:23.112"/>
</kw>
<status status="PASS" starttime="20220627 18:35:23.109" endtime="20220627 18:35:23.112"/>
</kw>
<kw name="conferir o status code" library="ResourceAPI">
<arg>200</arg>
<kw name="Should Be Equal As Strings" library="BuiltIn">
<arg>${STATUS_CODE_DESEJADO}</arg>
<arg>${STATUS_CODE_DESEJADO}</arg>
<doc>Fails if objects are unequal after converting them to strings.</doc>
<status status="PASS" starttime="20220627 18:35:23.116" endtime="20220627 18:35:23.118"/>
</kw>
<status status="PASS" starttime="20220627 18:35:23.114" endtime="20220627 18:35:23.118"/>
</kw>
<kw name="conferir se o livro 9 foi cadastrado" library="ResourceAPI" sourcename="conferir se o livro ${ID_LIVRO} foi cadastrado">
<kw name="Dictionary Should Contain Item" library="Collections">
<arg>${RESPOSTA.json()}</arg>
<arg>id</arg>
<arg>${BOOK_9.id}</arg>
<doc>An item of ``key`` / ``value`` must be found in a ``dictionary``.</doc>
<status status="PASS" starttime="20220627 18:35:23.120" endtime="20220627 18:35:23.124"/>
</kw>
<kw name="Dictionary Should Contain Item" library="Collections">
<arg>${RESPOSTA.json()}</arg>
<arg>title</arg>
<arg>${BOOK_9.title}</arg>
<doc>An item of ``key`` / ``value`` must be found in a ``dictionary``.</doc>
<status status="PASS" starttime="20220627 18:35:23.124" endtime="20220627 18:35:23.128"/>
</kw>
<kw name="Dictionary Should Contain Item" library="Collections">
<arg>${RESPOSTA.json()}</arg>
<arg>pageCount</arg>
<arg>${BOOK_9.pageCount}</arg>
<doc>An item of ``key`` / ``value`` must be found in a ``dictionary``.</doc>
<status status="PASS" starttime="20220627 18:35:23.129" endtime="20220627 18:35:23.129"/>
</kw>
<kw name="Dictionary Should Contain Item" library="Collections">
<arg>${RESPOSTA.json()}</arg>
<arg>description</arg>
<arg>${BOOK_9.description}</arg>
<doc>An item of ``key`` / ``value`` must be found in a ``dictionary``.</doc>
<status status="PASS" starttime="20220627 18:35:23.134" endtime="20220627 18:35:23.139"/>
</kw>
<kw name="Dictionary Should Contain Item" library="Collections">
<arg>${RESPOSTA.json()}</arg>
<arg>excerpt</arg>
<arg>${BOOK_9.excerpt}</arg>
<doc>An item of ``key`` / ``value`` must be found in a ``dictionary``.</doc>
<status status="PASS" starttime="20220627 18:35:23.139" endtime="20220627 18:35:23.147"/>
</kw>
<kw name="Dictionary Should Contain Item" library="Collections">
<arg>${RESPOSTA.json()}</arg>
<arg>publishDate</arg>
<arg>${BOOK_9.publishDate}</arg>
<doc>An item of ``key`` / ``value`` must be found in a ``dictionary``.</doc>
<status status="PASS" starttime="20220627 18:35:23.147" endtime="20220627 18:35:23.153"/>
</kw>
<status status="PASS" starttime="20220627 18:35:23.119" endtime="20220627 18:35:23.153"/>
</kw>
<status status="PASS" starttime="20220627 18:35:22.865" endtime="20220627 18:35:23.155"/>
</test>
<test id="s1-t4" name="Alterar um livro (PUT)" line="25">
<kw name="Alterar o livro 150" library="ResourceAPI">
<kw name="Put Request" library="RequestsLibrary">
<var>${RESPOSTA}</var>
<arg>fakeAPI</arg>
<arg>Books/150</arg>
<arg>data={"ID": 150,"Title": "teste alterado","Description": "teste alterado","PageCount": 3,"Excerpt": "teste alterado","PublishDate": "2022-06-22T23:22:51.42Z"}</arg>
<arg>headers=${HEADERS}</arg>
<doc>Send a PUT request on the session object found using the
given `alias`</doc>
<msg timestamp="20220627 18:35:23.401" level="INFO">PUT Request : url=https://fakerestapi.azurewebsites.net/api/v1//Books/150 
 path_url=/api/v1//Books/150 
 headers={'User-Agent': 'python-requests/2.27.1', 'Accept-Encoding': 'gzip, deflate', 'Accept': '*/*', 'Connection': 'keep-alive', 'content-type': 'application/json', 'Content-Length': '153'} 
 body=b'{"ID": 150,"Title": "teste alterado","Description": "teste alterado","PageCount": 3,"Excerpt": "teste alterado","PublishDate": "2022-06-22T23:22:51.42Z"}' 
 </msg>
<msg timestamp="20220627 18:35:23.401" level="INFO">PUT Response : url=https://fakerestapi.azurewebsites.net/api/v1//Books/150 
 status=200, reason=OK 
 body={"id":150,"title":"teste alterado","description":"teste alterado","pageCount":3,"excerpt":"teste alterado","publishDate":"2022-06-22T23:22:51.42Z"} 
 </msg>
<msg timestamp="20220627 18:35:23.401" level="INFO">C:\Users\ferna\AppData\Local\Programs\Python\Python310\lib\site-packages\urllib3\connectionpool.py:1043: InsecureRequestWarning: Unverified HTTPS request is being made to host 'fakerestapi.azurewebsites.net'. Adding certificate verification is strongly advised. See: https://urllib3.readthedocs.io/en/1.26.x/advanced-usage.html#ssl-warnings
  warnings.warn(</msg>
<msg timestamp="20220627 18:35:23.404" level="INFO">${RESPOSTA} = &lt;Response [200]&gt;</msg>
<status status="PASS" starttime="20220627 18:35:23.164" endtime="20220627 18:35:23.404"/>
</kw>
<kw name="Log" library="BuiltIn">
<arg>${RESPOSTA.text}</arg>
<doc>Logs the given message with the given level.</doc>
<msg timestamp="20220627 18:35:23.407" level="INFO">{"id":150,"title":"teste alterado","description":"teste alterado","pageCount":3,"excerpt":"teste alterado","publishDate":"2022-06-22T23:22:51.42Z"}</msg>
<status status="PASS" starttime="20220627 18:35:23.404" endtime="20220627 18:35:23.407"/>
</kw>
<kw name="Set Test Variable" library="BuiltIn">
<arg>${RESPOSTA}</arg>
<doc>Makes a variable available everywhere within the scope of the current test.</doc>
<msg timestamp="20220627 18:35:23.409" level="INFO">${RESPOSTA} = &lt;Response [200]&gt;</msg>
<status status="PASS" starttime="20220627 18:35:23.408" endtime="20220627 18:35:23.409"/>
</kw>
<status status="PASS" starttime="20220627 18:35:23.162" endtime="20220627 18:35:23.410"/>
</kw>
<kw name="Conferir o reason" library="ResourceAPI">
<arg>OK</arg>
<kw name="Should Be Equal As Strings" library="BuiltIn">
<arg>${REASON_DESEJADO}</arg>
<arg>${REASON_DESEJADO}</arg>
<doc>Fails if objects are unequal after converting them to strings.</doc>
<status status="PASS" starttime="20220627 18:35:23.412" endtime="20220627 18:35:23.412"/>
</kw>
<status status="PASS" starttime="20220627 18:35:23.411" endtime="20220627 18:35:23.412"/>
</kw>
<kw name="conferir o status code" library="ResourceAPI">
<arg>200</arg>
<kw name="Should Be Equal As Strings" library="BuiltIn">
<arg>${STATUS_CODE_DESEJADO}</arg>
<arg>${STATUS_CODE_DESEJADO}</arg>
<doc>Fails if objects are unequal after converting them to strings.</doc>
<status status="PASS" starttime="20220627 18:35:23.416" endtime="20220627 18:35:23.417"/>
</kw>
<status status="PASS" starttime="20220627 18:35:23.415" endtime="20220627 18:35:23.417"/>
</kw>
<kw name="conferir se o livro 150 foi alterado" library="ResourceAPI" sourcename="conferir se o livro ${ID_LIVRO} foi alterado">
<kw name="Dictionary Should Contain Item" library="Collections">
<arg>${RESPOSTA.json()}</arg>
<arg>id</arg>
<arg>${BOOK_150.id}</arg>
<doc>An item of ``key`` / ``value`` must be found in a ``dictionary``.</doc>
<status status="PASS" starttime="20220627 18:35:23.420" endtime="20220627 18:35:23.426"/>
</kw>
<kw name="Dictionary Should Contain Item" library="Collections">
<arg>${RESPOSTA.json()}</arg>
<arg>title</arg>
<arg>${BOOK_150.title}</arg>
<doc>An item of ``key`` / ``value`` must be found in a ``dictionary``.</doc>
<status status="PASS" starttime="20220627 18:35:23.427" endtime="20220627 18:35:23.430"/>
</kw>
<kw name="Dictionary Should Contain Item" library="Collections">
<arg>${RESPOSTA.json()}</arg>
<arg>pageCount</arg>
<arg>${BOOK_150.pageCount}</arg>
<doc>An item of ``key`` / ``value`` must be found in a ``dictionary``.</doc>
<status status="PASS" starttime="20220627 18:35:23.430" endtime="20220627 18:35:23.435"/>
</kw>
<kw name="Dictionary Should Contain Item" library="Collections">
<arg>${RESPOSTA.json()}</arg>
<arg>description</arg>
<arg>${BOOK_150.description}</arg>
<doc>An item of ``key`` / ``value`` must be found in a ``dictionary``.</doc>
<status status="PASS" starttime="20220627 18:35:23.435" endtime="20220627 18:35:23.436"/>
</kw>
<kw name="Dictionary Should Contain Item" library="Collections">
<arg>${RESPOSTA.json()}</arg>
<arg>excerpt</arg>
<arg>${BOOK_150.excerpt}</arg>
<doc>An item of ``key`` / ``value`` must be found in a ``dictionary``.</doc>
<status status="PASS" starttime="20220627 18:35:23.436" endtime="20220627 18:35:23.436"/>
</kw>
<kw name="Dictionary Should Contain Item" library="Collections">
<arg>${RESPOSTA.json()}</arg>
<arg>publishDate</arg>
<arg>${BOOK_150.publishDate}</arg>
<doc>An item of ``key`` / ``value`` must be found in a ``dictionary``.</doc>
<status status="PASS" starttime="20220627 18:35:23.436" endtime="20220627 18:35:23.447"/>
</kw>
<status status="PASS" starttime="20220627 18:35:23.418" endtime="20220627 18:35:23.447"/>
</kw>
<status status="PASS" starttime="20220627 18:35:23.159" endtime="20220627 18:35:23.449"/>
</test>
<test id="s1-t5" name="Deletar um livro (DELETE)" line="31">
<kw name="Excluir o livro 195" library="ResourceAPI">
<kw name="Delete Request" library="RequestsLibrary">
<var>${RESPOSTA}</var>
<arg>fakeAPI</arg>
<arg>Books/195</arg>
<doc>Send a DELETE request on the session object found using the
given `alias`</doc>
<msg timestamp="20220627 18:35:23.683" level="INFO">DELETE Request : url=https://fakerestapi.azurewebsites.net/api/v1//Books/195 
 path_url=/api/v1//Books/195 
 headers={'User-Agent': 'python-requests/2.27.1', 'Accept-Encoding': 'gzip, deflate', 'Accept': '*/*', 'Connection': 'keep-alive', 'Content-Length': '0'} 
 body=None 
 </msg>
<msg timestamp="20220627 18:35:23.683" level="INFO">DELETE Response : url=https://fakerestapi.azurewebsites.net/api/v1//Books/195 
 status=200, reason=OK 
 body=None 
 </msg>
<msg timestamp="20220627 18:35:23.683" level="INFO">C:\Users\ferna\AppData\Local\Programs\Python\Python310\lib\site-packages\urllib3\connectionpool.py:1043: InsecureRequestWarning: Unverified HTTPS request is being made to host 'fakerestapi.azurewebsites.net'. Adding certificate verification is strongly advised. See: https://urllib3.readthedocs.io/en/1.26.x/advanced-usage.html#ssl-warnings
  warnings.warn(</msg>
<msg timestamp="20220627 18:35:23.696" level="INFO">${RESPOSTA} = &lt;Response [200]&gt;</msg>
<status status="PASS" starttime="20220627 18:35:23.457" endtime="20220627 18:35:23.696"/>
</kw>
<kw name="Log" library="BuiltIn">
<arg>${RESPOSTA.text}</arg>
<doc>Logs the given message with the given level.</doc>
<msg timestamp="20220627 18:35:23.700" level="INFO"/>
<status status="PASS" starttime="20220627 18:35:23.697" endtime="20220627 18:35:23.701"/>
</kw>
<kw name="Set Test Variable" library="BuiltIn">
<arg>${RESPOSTA}</arg>
<doc>Makes a variable available everywhere within the scope of the current test.</doc>
<msg timestamp="20220627 18:35:23.702" level="INFO">${RESPOSTA} = &lt;Response [200]&gt;</msg>
<status status="PASS" starttime="20220627 18:35:23.701" endtime="20220627 18:35:23.703"/>
</kw>
<status status="PASS" starttime="20220627 18:35:23.456" endtime="20220627 18:35:23.703"/>
</kw>
<kw name="Conferir o reason" library="ResourceAPI">
<arg>OK</arg>
<kw name="Should Be Equal As Strings" library="BuiltIn">
<arg>${REASON_DESEJADO}</arg>
<arg>${REASON_DESEJADO}</arg>
<doc>Fails if objects are unequal after converting them to strings.</doc>
<status status="PASS" starttime="20220627 18:35:23.708" endtime="20220627 18:35:23.710"/>
</kw>
<status status="PASS" starttime="20220627 18:35:23.705" endtime="20220627 18:35:23.711"/>
</kw>
<kw name="conferir o status code" library="ResourceAPI">
<arg>200</arg>
<kw name="Should Be Equal As Strings" library="BuiltIn">
<arg>${STATUS_CODE_DESEJADO}</arg>
<arg>${STATUS_CODE_DESEJADO}</arg>
<doc>Fails if objects are unequal after converting them to strings.</doc>
<status status="PASS" starttime="20220627 18:35:23.713" endtime="20220627 18:35:23.714"/>
</kw>
<status status="PASS" starttime="20220627 18:35:23.712" endtime="20220627 18:35:23.714"/>
</kw>
<kw name="conferir se o livro 195 foi excluido" library="ResourceAPI">
<kw name="Should Be Empty" library="BuiltIn">
<arg>${Resposta.content}</arg>
<doc>Verifies that the given item is empty.</doc>
<msg timestamp="20220627 18:35:23.720" level="INFO">Length is 0</msg>
<status status="PASS" starttime="20220627 18:35:23.718" endtime="20220627 18:35:23.720"/>
</kw>
<status status="PASS" starttime="20220627 18:35:23.715" endtime="20220627 18:35:23.721"/>
</kw>
<status status="PASS" starttime="20220627 18:35:23.454" endtime="20220627 18:35:23.723"/>
</test>
<doc>Documetação da API: https://fakerestapi.azurewebsites.net/index.html</doc>
<status status="PASS" starttime="20220627 18:35:19.455" endtime="20220627 18:35:23.728"/>
</suite>
<statistics>
<total>
<stat pass="5" fail="0" skip="0">All Tests</stat>
</total>
<tag>
</tag>
<suite>
<stat pass="5" fail="0" skip="0" id="s1" name="TestAPI">TestAPI</stat>
</suite>
</statistics>
<errors>
</errors>
</robot>
