<?xml version="1.0" encoding="UTF-8"?>
<robot generator="Robot 5.0 (Python 3.10.4 on win32)" generated="20220519 21:16:00.225" rpa="false" schemaversion="3">
<suite id="s1" name="Amazon Testes Gherkin" source="C:\CursoUdemy\RobotFramework\WebTesting\amazon_testes_gherkin.robot">
<test id="s1-t1" name="Caso de Teste 01 - Acesso ao menu &quot;Eletronicos&quot;" line="8">
<kw name="Abrir o navegador" library="amazon_resources" type="SETUP">
<kw name="Open Browser" library="SeleniumLibrary">
<arg>browser=chrome</arg>
<doc>Opens a new browser instance to the optional ``url``.</doc>
<msg timestamp="20220519 21:16:00.491" level="INFO">Opening browser 'chrome' to base url 'None'.</msg>
<status status="PASS" starttime="20220519 21:16:00.491" endtime="20220519 21:16:01.760"/>
</kw>
<kw name="Maximize Browser Window" library="SeleniumLibrary">
<doc>Maximizes current browser window.</doc>
<status status="PASS" starttime="20220519 21:16:01.760" endtime="20220519 21:16:01.883"/>
</kw>
<status status="PASS" starttime="20220519 21:16:00.491" endtime="20220519 21:16:01.883"/>
</kw>
<kw name="Dado que estou na home page da Amazon.com.br" library="amazon_resources">
<kw name="Acessar a home page do site Amazon.com.br" library="amazon_resources">
<kw name="Go To" library="SeleniumLibrary">
<arg>url=${URL}</arg>
<doc>Navigates the current browser window to the provided ``url``.</doc>
<msg timestamp="20220519 21:16:01.886" level="INFO">Opening url 'https://www.amazon.com.br/'</msg>
<status status="PASS" starttime="20220519 21:16:01.886" endtime="20220519 21:16:04.725"/>
</kw>
<kw name="Wait Until Element Is Visible" library="SeleniumLibrary">
<arg>locator=${Mais_vendidos}</arg>
<doc>Waits until the element ``locator`` is visible.</doc>
<status status="PASS" starttime="20220519 21:16:04.725" endtime="20220519 21:16:04.805"/>
</kw>
<status status="PASS" starttime="20220519 21:16:01.886" endtime="20220519 21:16:04.805"/>
</kw>
<status status="PASS" starttime="20220519 21:16:01.883" endtime="20220519 21:16:04.805"/>
</kw>
<kw name="Quando acessar o menu &quot;Eletrônicos&quot;" library="amazon_resources">
<kw name="Entrar no menu &quot;Eletronicos&quot;" library="amazon_resources">
<kw name="Click Element" library="SeleniumLibrary">
<arg>//i[contains(@class,'hm-icon nav-sprite')]</arg>
<doc>Click the element identified by ``locator``.</doc>
<msg timestamp="20220519 21:16:04.806" level="INFO">Clicking element '//i[contains(@class,'hm-icon nav-sprite')]'.</msg>
<status status="PASS" starttime="20220519 21:16:04.806" endtime="20220519 21:16:06.026"/>
</kw>
<kw name="Wait Until Element Is Visible" library="SeleniumLibrary">
<arg>//b[contains(.,'Olá, Faça seu login')]</arg>
<doc>Waits until the element ``locator`` is visible.</doc>
<status status="PASS" starttime="20220519 21:16:06.026" endtime="20220519 21:16:06.048"/>
</kw>
<kw name="Click Element" library="SeleniumLibrary">
<arg>(//a[@class='hmenu-item hmenu-compressed-btn'][contains(.,'ver tudo')])[1]</arg>
<doc>Click the element identified by ``locator``.</doc>
<msg timestamp="20220519 21:16:06.048" level="INFO">Clicking element '(//a[@class='hmenu-item hmenu-compressed-btn'][contains(.,'ver tudo')])[1]'.</msg>
<status status="PASS" starttime="20220519 21:16:06.048" endtime="20220519 21:16:06.140"/>
</kw>
<kw name="Wait Until Element Is Visible" library="SeleniumLibrary">
<arg>//a[@class='hmenu-item'][contains(.,'Eletrônicos, TV e Áudio')]</arg>
<doc>Waits until the element ``locator`` is visible.</doc>
<status status="PASS" starttime="20220519 21:16:06.141" endtime="20220519 21:16:06.423"/>
</kw>
<kw name="Click Element" library="SeleniumLibrary">
<arg>//a[@class='hmenu-item'][contains(.,'Eletrônicos, TV e Áudio')]</arg>
<doc>Click the element identified by ``locator``.</doc>
<msg timestamp="20220519 21:16:06.423" level="INFO">Clicking element '//a[@class='hmenu-item'][contains(.,'Eletrônicos, TV e Áudio')]'.</msg>
<status status="PASS" starttime="20220519 21:16:06.423" endtime="20220519 21:16:06.505"/>
</kw>
<kw name="Wait Until Element Is Visible" library="SeleniumLibrary">
<arg>//li[contains(.,'eletrônicos')]</arg>
<doc>Waits until the element ``locator`` is visible.</doc>
<status status="PASS" starttime="20220519 21:16:06.506" endtime="20220519 21:16:06.552"/>
</kw>
<kw name="Click Element" library="SeleniumLibrary">
<arg>//a[contains(.,'Tudo em Eletrônicos')]</arg>
<doc>Click the element identified by ``locator``.</doc>
<msg timestamp="20220519 21:16:06.553" level="INFO">Clicking element '//a[contains(.,'Tudo em Eletrônicos')]'.</msg>
<status status="PASS" starttime="20220519 21:16:06.552" endtime="20220519 21:16:07.976"/>
</kw>
<status status="PASS" starttime="20220519 21:16:04.806" endtime="20220519 21:16:07.976"/>
</kw>
<status status="PASS" starttime="20220519 21:16:04.805" endtime="20220519 21:16:07.976"/>
</kw>
<kw name="Então o texto &quot;Eletronicos e Tecnologia&quot; deve ser exibido na página" library="amazon_resources">
<kw name="verificar se o título da página fica &quot;Eletrônicos e Tecnologia | Amazon.com.br&quot;" library="amazon_resources" sourcename="verificar se o título da página fica &quot;${TITULO}&quot;">
<kw name="Title Should Be" library="SeleniumLibrary">
<arg>title=${TITULO}</arg>
<doc>Verifies that the current page title equals ``title``.</doc>
<msg timestamp="20220519 21:16:08.042" level="INFO">Page title is 'Eletrônicos e Tecnologia | Amazon.com.br'.</msg>
<status status="PASS" starttime="20220519 21:16:07.978" endtime="20220519 21:16:08.042"/>
</kw>
<status status="PASS" starttime="20220519 21:16:07.978" endtime="20220519 21:16:08.042"/>
</kw>
<status status="PASS" starttime="20220519 21:16:07.977" endtime="20220519 21:16:08.042"/>
</kw>
<kw name="E o titulo da página deve ficar &quot;Eletrônicos e Tecnologia | Amazon.com.br&quot;" library="amazon_resources">
<kw name="verificar se aparece a frase &quot;Eletronicos e Tecnologia&quot;" library="amazon_resources">
<kw name="Wait Until Page Contains" library="SeleniumLibrary">
<arg>text=Eletrônicos e Tecnologia</arg>
<doc>Waits until ``text`` appears on the current page.</doc>
<status status="PASS" starttime="20220519 21:16:08.043" endtime="20220519 21:16:08.057"/>
</kw>
<kw name="Wait Until Element Is Visible" library="SeleniumLibrary">
<arg>locator=${Header_Eletronicos}</arg>
<doc>Waits until the element ``locator`` is visible.</doc>
<status status="PASS" starttime="20220519 21:16:08.057" endtime="20220519 21:16:08.326"/>
</kw>
<status status="PASS" starttime="20220519 21:16:08.043" endtime="20220519 21:16:08.326"/>
</kw>
<status status="PASS" starttime="20220519 21:16:08.043" endtime="20220519 21:16:08.327"/>
</kw>
<kw name="E a categoria &quot;Computadores e Informática&quot; deve ser exibida na página" library="amazon_resources">
<kw name="verificar se aparece a categoria &quot;Computadores e Informática&quot;" library="amazon_resources" sourcename="verificar se aparece a categoria &quot;${NOME_CATEGORIA}&quot;">
<kw name="Element Should Be Visible" library="SeleniumLibrary">
<arg>locator=//a[@aria-label='${NOME_CATEGORIA}']</arg>
<doc>Verifies that the element identified by ``locator`` is visible.</doc>
<msg timestamp="20220519 21:16:08.353" level="INFO">Element '//a[@aria-label='Computadores e Informática']' is displayed.</msg>
<status status="PASS" starttime="20220519 21:16:08.328" endtime="20220519 21:16:08.353"/>
</kw>
<status status="PASS" starttime="20220519 21:16:08.328" endtime="20220519 21:16:08.353"/>
</kw>
<status status="PASS" starttime="20220519 21:16:08.327" endtime="20220519 21:16:08.353"/>
</kw>
<kw name="Fechar o navegador" library="amazon_resources" type="TEARDOWN">
<kw name="Capture Page Screenshot" library="SeleniumLibrary">
<doc>Takes a screenshot of the current page and embeds it into a log file.</doc>
<msg timestamp="20220519 21:16:08.519" level="INFO" html="true">&lt;/td&gt;&lt;/tr&gt;&lt;tr&gt;&lt;td colspan="3"&gt;&lt;a href="selenium-screenshot-3.png"&gt;&lt;img src="selenium-screenshot-3.png" width="800px"&gt;&lt;/a&gt;</msg>
<status status="PASS" starttime="20220519 21:16:08.354" endtime="20220519 21:16:08.519"/>
</kw>
<kw name="Close Browser" library="SeleniumLibrary">
<doc>Closes the current browser.</doc>
<status status="PASS" starttime="20220519 21:16:08.519" endtime="20220519 21:16:10.809"/>
</kw>
<status status="PASS" starttime="20220519 21:16:08.354" endtime="20220519 21:16:10.809"/>
</kw>
<doc>Esse teste verifica o menu eletrônico do site da Amazon.com.br
e verifica a categoria Computadores e Informática</doc>
<tag>Menus</tag>
<status status="PASS" starttime="20220519 21:16:00.490" endtime="20220519 21:16:10.809"/>
</test>
<doc>Essa suite testa o site da Amazon.com.br</doc>
<status status="PASS" starttime="20220519 21:16:00.227" endtime="20220519 21:16:10.818"/>
</suite>
<statistics>
<total>
<stat pass="1" fail="0" skip="0">All Tests</stat>
</total>
<tag>
<stat pass="1" fail="0" skip="0">Menus</stat>
</tag>
<suite>
<stat pass="1" fail="0" skip="0" id="s1" name="Amazon Testes Gherkin">Amazon Testes Gherkin</stat>
</suite>
</statistics>
<errors>
</errors>
</robot>
